<?xml version="1.0" encoding="UTF-8"?>
<coverage generated="1439857248">
  <project timestamp="1439857248">
    <package name="Icecave\Woodhouse\BuildStatus">
      <file name="/home/travis/build/IcecaveStudios/woodhouse/src/BuildStatus/BuildStatus.php">
        <class name="BuildStatus" namespace="Icecave\Woodhouse\BuildStatus">
          <metrics methods="0" coveredmethods="0" conditionals="0" coveredconditionals="0" statements="0" coveredstatements="0" elements="0" coveredelements="0"/>
        </class>
        <metrics loc="13" ncloc="13" classes="1" methods="0" coveredmethods="0" conditionals="0" coveredconditionals="0" statements="0" coveredstatements="0" elements="0" coveredelements="0"/>
      </file>
      <file name="/home/travis/build/IcecaveStudios/woodhouse/src/BuildStatus/StatusImageSelector.php">
        <class name="StatusImageSelector" namespace="Icecave\Woodhouse\BuildStatus">
          <metrics methods="1" coveredmethods="1" conditionals="0" coveredconditionals="0" statements="1" coveredstatements="1" elements="2" coveredelements="2"/>
        </class>
        <line num="11" type="method" name="imageFilename" crap="1" count="4"/>
        <line num="13" type="stmt" count="4"/>
        <metrics loc="17" ncloc="12" classes="1" methods="1" coveredmethods="1" conditionals="0" coveredconditionals="0" statements="1" coveredstatements="1" elements="2" coveredelements="2"/>
      </file>
      <file name="/home/travis/build/IcecaveStudios/woodhouse/src/BuildStatus/StatusReaderFactory.php">
        <class name="StatusReaderFactory" namespace="Icecave\Woodhouse\BuildStatus">
          <metrics methods="3" coveredmethods="3" conditionals="0" coveredconditionals="0" statements="16" coveredstatements="16" elements="19" coveredelements="19"/>
        </class>
        <line num="16" type="method" name="__construct" crap="1" count="37"/>
        <line num="18" type="stmt" count="37"/>
        <line num="19" type="stmt" count="37"/>
        <line num="24" type="method" name="supportedTypes" crap="1" count="25"/>
        <line num="27" type="stmt" count="25"/>
        <line num="28" type="stmt" count="25"/>
        <line num="29" type="stmt" count="25"/>
        <line num="30" type="stmt" count="25"/>
        <line num="31" type="stmt" count="25"/>
        <line num="40" type="method" name="create" crap="5" count="10"/>
        <line num="43" type="stmt" count="10"/>
        <line num="44" type="stmt" count="1"/>
        <line num="45" type="stmt" count="9"/>
        <line num="46" type="stmt" count="2"/>
        <line num="47" type="stmt" count="7"/>
        <line num="48" type="stmt" count="5"/>
        <line num="49" type="stmt" count="2"/>
        <line num="50" type="stmt" count="1"/>
        <line num="53" type="stmt" count="1"/>
        <metrics loc="57" ncloc="45" classes="1" methods="3" coveredmethods="3" conditionals="0" coveredconditionals="0" statements="16" coveredstatements="16" elements="19" coveredelements="19"/>
      </file>
    </package>
    <package name="Icecave\Woodhouse\BuildStatus\Readers">
      <file name="/home/travis/build/IcecaveStudios/woodhouse/src/BuildStatus/Readers/CommandLineReader.php">
        <class name="CommandLineReader" namespace="Icecave\Woodhouse\BuildStatus\Readers">
          <metrics methods="2" coveredmethods="2" conditionals="0" coveredconditionals="0" statements="3" coveredstatements="3" elements="5" coveredelements="5"/>
        </class>
        <line num="12" type="method" name="__construct" crap="1" count="6"/>
        <line num="14" type="stmt" count="6"/>
        <line num="15" type="stmt" count="6"/>
        <line num="20" type="method" name="readStatus" crap="1" count="3"/>
        <line num="22" type="stmt" count="3"/>
        <metrics loc="26" ncloc="20" classes="1" methods="2" coveredmethods="2" conditionals="0" coveredconditionals="0" statements="3" coveredstatements="3" elements="5" coveredelements="5"/>
      </file>
      <file name="/home/travis/build/IcecaveStudios/woodhouse/src/BuildStatus/Readers/JUnitReader.php">
        <class name="JUnitReader" namespace="Icecave\Woodhouse\BuildStatus\Readers">
          <metrics methods="2" coveredmethods="2" conditionals="0" coveredconditionals="0" statements="11" coveredstatements="11" elements="13" coveredelements="13"/>
        </class>
        <line num="16" type="method" name="__construct" crap="1" count="5"/>
        <line num="18" type="stmt" count="5"/>
        <line num="19" type="stmt" count="5"/>
        <line num="20" type="stmt" count="5"/>
        <line num="25" type="method" name="readStatus" crap="5" count="4"/>
        <line num="28" type="stmt" count="4"/>
        <line num="29" type="stmt" count="4"/>
        <line num="30" type="stmt" count="1"/>
        <line num="33" type="stmt" count="3"/>
        <line num="34" type="stmt" count="3"/>
        <line num="35" type="stmt" count="2"/>
        <line num="37" type="stmt" count="1"/>
        <line num="39" type="stmt" count="1"/>
        <metrics loc="44" ncloc="37" classes="1" methods="2" coveredmethods="2" conditionals="0" coveredconditionals="0" statements="11" coveredstatements="11" elements="13" coveredelements="13"/>
      </file>
      <file name="/home/travis/build/IcecaveStudios/woodhouse/src/BuildStatus/Readers/PhpUnitJsonReader.php">
        <class name="PhpUnitJsonReader" namespace="Icecave\Woodhouse\BuildStatus\Readers">
          <metrics methods="3" coveredmethods="3" conditionals="0" coveredconditionals="0" statements="23" coveredstatements="23" elements="26" coveredelements="26"/>
        </class>
        <line num="18" type="method" name="__construct" crap="2" count="6"/>
        <line num="20" type="stmt" count="6"/>
        <line num="21" type="stmt" count="6"/>
        <line num="24" type="stmt" count="6"/>
        <line num="25" type="stmt" count="6"/>
        <line num="26" type="stmt" count="6"/>
        <line num="27" type="stmt" count="6"/>
        <line num="32" type="method" name="readStatus" crap="4" count="4"/>
        <line num="34" type="stmt" count="4"/>
        <line num="36" type="stmt" count="4"/>
        <line num="39" type="stmt" count="4"/>
        <line num="40" type="stmt" count="4"/>
        <line num="41" type="stmt" count="4"/>
        <line num="42" type="stmt" count="4"/>
        <line num="44" type="stmt" count="3"/>
        <line num="45" type="stmt" count="2"/>
        <line num="48" type="stmt" count="1"/>
        <line num="49" type="stmt" count="2"/>
        <line num="50" type="stmt" count="1"/>
        <line num="53" type="stmt" count="1"/>
        <line num="61" type="method" name="checkResults" crap="4" count="3"/>
        <line num="63" type="stmt" count="3"/>
        <line num="64" type="stmt" count="3"/>
        <line num="65" type="stmt" count="2"/>
        <line num="67" type="stmt" count="1"/>
        <line num="69" type="stmt" count="1"/>
        <metrics loc="75" ncloc="62" classes="1" methods="3" coveredmethods="3" conditionals="0" coveredconditionals="0" statements="23" coveredstatements="23" elements="26" coveredelements="26"/>
      </file>
      <file name="/home/travis/build/IcecaveStudios/woodhouse/src/BuildStatus/Readers/TapReader.php">
        <class name="TapReader" namespace="Icecave\Woodhouse\BuildStatus\Readers">
          <metrics methods="2" coveredmethods="2" conditionals="0" coveredconditionals="0" statements="9" coveredstatements="9" elements="11" coveredelements="11"/>
        </class>
        <line num="15" type="method" name="__construct" crap="1" count="4"/>
        <line num="17" type="stmt" count="4"/>
        <line num="18" type="stmt" count="4"/>
        <line num="19" type="stmt" count="4"/>
        <line num="24" type="method" name="readStatus" crap="3" count="3"/>
        <line num="26" type="stmt" count="3"/>
        <line num="28" type="stmt" count="3"/>
        <line num="29" type="stmt" count="1"/>
        <line num="30" type="stmt" count="2"/>
        <line num="31" type="stmt" count="1"/>
        <line num="34" type="stmt" count="1"/>
        <metrics loc="39" ncloc="32" classes="1" methods="2" coveredmethods="2" conditionals="0" coveredconditionals="0" statements="9" coveredstatements="9" elements="11" coveredelements="11"/>
      </file>
    </package>
    <package name="Icecave\Woodhouse\Console">
      <file name="/home/travis/build/IcecaveStudios/woodhouse/src/Console/Application.php">
        <class name="Application" namespace="Icecave\Woodhouse\Console">
          <metrics methods="2" coveredmethods="2" conditionals="0" coveredconditionals="0" statements="9" coveredstatements="9" elements="11" coveredelements="11"/>
        </class>
        <line num="12" type="method" name="__construct" crap="1" count="31"/>
        <line num="14" type="stmt" count="31"/>
        <line num="16" type="stmt" count="31"/>
        <line num="18" type="stmt" count="31"/>
        <line num="19" type="stmt" count="31"/>
        <line num="20" type="stmt" count="31"/>
        <line num="21" type="stmt" count="31"/>
        <line num="22" type="stmt" count="31"/>
        <line num="23" type="stmt" count="31"/>
        <line num="25" type="method" name="vendorPath" crap="1" count="23"/>
        <line num="27" type="stmt" count="23"/>
        <metrics loc="31" ncloc="28" classes="1" methods="2" coveredmethods="2" conditionals="0" coveredconditionals="0" statements="9" coveredstatements="9" elements="11" coveredelements="11"/>
      </file>
    </package>
    <package name="Icecave\Woodhouse\Console\Command\GitHub">
      <file name="/home/travis/build/IcecaveStudios/woodhouse/src/Console/Command/GitHub/AbstractGitHubCommand.php">
        <class name="AbstractGitHubCommand" namespace="Icecave\Woodhouse\Console\Command\GitHub">
          <metrics methods="8" coveredmethods="8" conditionals="0" coveredconditionals="0" statements="57" coveredstatements="57" elements="65" coveredelements="65"/>
        </class>
        <line num="20" type="method" name="__construct" crap="2" count="53"/>
        <line num="22" type="stmt" count="53"/>
        <line num="23" type="stmt" count="53"/>
        <line num="25" type="stmt" count="53"/>
        <line num="27" type="stmt" count="53"/>
        <line num="28" type="stmt" count="53"/>
        <line num="33" type="method" name="clientFactory" crap="1" count="16"/>
        <line num="35" type="stmt" count="16"/>
        <line num="41" type="method" name="setApplication" crap="2" count="53"/>
        <line num="43" type="stmt" count="53"/>
        <line num="45" type="stmt" count="53"/>
        <line num="46" type="stmt" count="53"/>
        <line num="47" type="stmt" count="53"/>
        <line num="48" type="stmt" count="53"/>
        <line num="50" type="stmt" count="53"/>
        <line num="52" type="method" name="configure" crap="1" count="53"/>
        <line num="54" type="stmt" count="53"/>
        <line num="55" type="stmt" count="53"/>
        <line num="56" type="stmt" count="53"/>
        <line num="57" type="stmt" count="53"/>
        <line num="59" type="stmt" count="53"/>
        <line num="60" type="stmt" count="53"/>
        <line num="61" type="stmt" count="53"/>
        <line num="62" type="stmt" count="53"/>
        <line num="63" type="stmt" count="53"/>
        <line num="65" type="stmt" count="53"/>
        <line num="66" type="stmt" count="53"/>
        <line num="74" type="method" name="createClient" crap="1" count="10"/>
        <line num="76" type="stmt" count="10"/>
        <line num="77" type="stmt" count="10"/>
        <line num="79" type="stmt" count="10"/>
        <line num="88" type="method" name="credentials" crap="4" count="10"/>
        <line num="90" type="stmt" count="10"/>
        <line num="91" type="stmt" count="10"/>
        <line num="92" type="stmt" count="10"/>
        <line num="93" type="stmt" count="10"/>
        <line num="94" type="stmt" count="3"/>
        <line num="96" type="stmt" count="10"/>
        <line num="97" type="stmt" count="3"/>
        <line num="101" type="stmt" count="10"/>
        <line num="108" type="method" name="outputAuthorizations" crap="2" count="4"/>
        <line num="110" type="stmt" count="4"/>
        <line num="111" type="stmt" count="4"/>
        <line num="112" type="stmt" count="4"/>
        <line num="113" type="stmt" count="4"/>
        <line num="119" type="method" name="outputAuthorization" crap="3" count="8"/>
        <line num="121" type="stmt" count="8"/>
        <line num="122" type="stmt" count="8"/>
        <line num="123" type="stmt" count="8"/>
        <line num="124" type="stmt" count="8"/>
        <line num="125" type="stmt" count="8"/>
        <line num="126" type="stmt" count="8"/>
        <line num="127" type="stmt" count="8"/>
        <line num="128" type="stmt" count="8"/>
        <line num="129" type="stmt" count="4"/>
        <line num="130" type="stmt" count="4"/>
        <line num="131" type="stmt" count="4"/>
        <line num="132" type="stmt" count="4"/>
        <line num="133" type="stmt" count="8"/>
        <line num="134" type="stmt" count="8"/>
        <line num="135" type="stmt" count="8"/>
        <line num="136" type="stmt" count="8"/>
        <line num="137" type="stmt" count="8"/>
        <line num="140" type="stmt" count="8"/>
        <line num="141" type="stmt" count="8"/>
        <metrics loc="144" ncloc="115" classes="1" methods="8" coveredmethods="8" conditionals="0" coveredconditionals="0" statements="57" coveredstatements="57" elements="65" coveredelements="65"/>
      </file>
      <file name="/home/travis/build/IcecaveStudios/woodhouse/src/Console/Command/GitHub/CreateAuthorizationCommand.php">
        <class name="CreateAuthorizationCommand" namespace="Icecave\Woodhouse\Console\Command\GitHub">
          <metrics methods="4" coveredmethods="4" conditionals="0" coveredconditionals="0" statements="36" coveredstatements="36" elements="40" coveredelements="40"/>
        </class>
        <line num="14" type="method" name="__construct" crap="1" count="39"/>
        <line num="16" type="stmt" count="39"/>
        <line num="17" type="stmt" count="39"/>
        <line num="19" type="method" name="configure" crap="1" count="39"/>
        <line num="21" type="stmt" count="39"/>
        <line num="23" type="stmt" count="39"/>
        <line num="24" type="stmt" count="39"/>
        <line num="26" type="stmt" count="39"/>
        <line num="27" type="stmt" count="39"/>
        <line num="28" type="stmt" count="39"/>
        <line num="29" type="stmt" count="39"/>
        <line num="30" type="stmt" count="39"/>
        <line num="31" type="stmt" count="39"/>
        <line num="32" type="stmt" count="39"/>
        <line num="33" type="stmt" count="39"/>
        <line num="34" type="stmt" count="39"/>
        <line num="35" type="stmt" count="39"/>
        <line num="36" type="stmt" count="39"/>
        <line num="38" type="stmt" count="39"/>
        <line num="39" type="stmt" count="39"/>
        <line num="40" type="stmt" count="39"/>
        <line num="41" type="stmt" count="39"/>
        <line num="42" type="stmt" count="39"/>
        <line num="44" type="stmt" count="39"/>
        <line num="45" type="stmt" count="39"/>
        <line num="51" type="method" name="execute" crap="1" count="4"/>
        <line num="53" type="stmt" count="4"/>
        <line num="54" type="stmt" count="4"/>
        <line num="56" type="stmt" count="4"/>
        <line num="57" type="stmt" count="4"/>
        <line num="58" type="stmt" count="4"/>
        <line num="59" type="stmt" count="4"/>
        <line num="60" type="stmt" count="4"/>
        <line num="67" type="method" name="authorizationDetails" crap="3" count="4"/>
        <line num="69" type="stmt" count="4"/>
        <line num="70" type="stmt" count="4"/>
        <line num="71" type="stmt" count="4"/>
        <line num="72" type="stmt" count="1"/>
        <line num="73" type="stmt" count="1"/>
        <line num="76" type="stmt" count="4"/>
        <metrics loc="79" ncloc="67" classes="1" methods="4" coveredmethods="4" conditionals="0" coveredconditionals="0" statements="36" coveredstatements="36" elements="40" coveredelements="40"/>
      </file>
      <file name="/home/travis/build/IcecaveStudios/woodhouse/src/Console/Command/GitHub/DeleteAuthorizationCommand.php">
        <class name="DeleteAuthorizationCommand" namespace="Icecave\Woodhouse\Console\Command\GitHub">
          <metrics methods="3" coveredmethods="3" conditionals="0" coveredconditionals="0" statements="16" coveredstatements="16" elements="19" coveredelements="19"/>
        </class>
        <line num="14" type="method" name="__construct" crap="1" count="37"/>
        <line num="16" type="stmt" count="37"/>
        <line num="17" type="stmt" count="37"/>
        <line num="19" type="method" name="configure" crap="1" count="37"/>
        <line num="21" type="stmt" count="37"/>
        <line num="23" type="stmt" count="37"/>
        <line num="24" type="stmt" count="37"/>
        <line num="26" type="stmt" count="37"/>
        <line num="27" type="stmt" count="37"/>
        <line num="28" type="stmt" count="37"/>
        <line num="30" type="stmt" count="37"/>
        <line num="31" type="stmt" count="37"/>
        <line num="37" type="method" name="execute" crap="1" count="2"/>
        <line num="39" type="stmt" count="2"/>
        <line num="40" type="stmt" count="2"/>
        <line num="41" type="stmt" count="2"/>
        <line num="42" type="stmt" count="2"/>
        <line num="44" type="stmt" count="2"/>
        <line num="45" type="stmt" count="2"/>
        <metrics loc="47" ncloc="40" classes="1" methods="3" coveredmethods="3" conditionals="0" coveredconditionals="0" statements="16" coveredstatements="16" elements="19" coveredelements="19"/>
      </file>
      <file name="/home/travis/build/IcecaveStudios/woodhouse/src/Console/Command/GitHub/ListAuthorizationsCommand.php">
        <class name="ListAuthorizationsCommand" namespace="Icecave\Woodhouse\Console\Command\GitHub">
          <metrics methods="4" coveredmethods="4" conditionals="0" coveredconditionals="0" statements="33" coveredstatements="33" elements="37" coveredelements="37"/>
        </class>
        <line num="14" type="method" name="__construct" crap="1" count="39"/>
        <line num="16" type="stmt" count="39"/>
        <line num="17" type="stmt" count="39"/>
        <line num="19" type="method" name="configure" crap="1" count="39"/>
        <line num="21" type="stmt" count="39"/>
        <line num="23" type="stmt" count="39"/>
        <line num="24" type="stmt" count="39"/>
        <line num="26" type="stmt" count="39"/>
        <line num="27" type="stmt" count="39"/>
        <line num="28" type="stmt" count="39"/>
        <line num="29" type="stmt" count="39"/>
        <line num="31" type="stmt" count="39"/>
        <line num="32" type="stmt" count="39"/>
        <line num="33" type="stmt" count="39"/>
        <line num="34" type="stmt" count="39"/>
        <line num="35" type="stmt" count="39"/>
        <line num="37" type="stmt" count="39"/>
        <line num="38" type="stmt" count="39"/>
        <line num="44" type="method" name="execute" crap="1" count="4"/>
        <line num="46" type="stmt" count="4"/>
        <line num="47" type="stmt" count="4"/>
        <line num="49" type="stmt" count="4"/>
        <line num="50" type="stmt" count="4"/>
        <line num="51" type="stmt" count="4"/>
        <line num="52" type="stmt" count="4"/>
        <line num="54" type="stmt" count="4"/>
        <line num="55" type="stmt" count="4"/>
        <line num="56" type="stmt" count="4"/>
        <line num="63" type="method" name="patterns" crap="3" count="4"/>
        <line num="65" type="stmt" count="4"/>
        <line num="66" type="stmt" count="4"/>
        <line num="68" type="stmt" count="4"/>
        <line num="69" type="stmt" count="1"/>
        <line num="70" type="stmt" count="1"/>
        <line num="71" type="stmt" count="1"/>
        <line num="72" type="stmt" count="1"/>
        <line num="75" type="stmt" count="4"/>
        <metrics loc="78" ncloc="66" classes="1" methods="4" coveredmethods="4" conditionals="0" coveredconditionals="0" statements="33" coveredstatements="33" elements="37" coveredelements="37"/>
      </file>
    </package>
    <package name="Icecave\Woodhouse\Console\Command">
      <file name="/home/travis/build/IcecaveStudios/woodhouse/src/Console/Command/PublishCommand.php">
        <class name="PublishCommand" namespace="Icecave\Woodhouse\Console\Command">
          <metrics methods="6" coveredmethods="6" conditionals="0" coveredconditionals="0" statements="213" coveredstatements="213" elements="219" coveredelements="219"/>
        </class>
        <line num="28" type="method" name="__construct" crap="6" count="31"/>
        <line num="31" type="stmt" count="1"/>
        <line num="36" type="stmt" count="31"/>
        <line num="38" type="stmt" count="31"/>
        <line num="39" type="stmt" count="31"/>
        <line num="42" type="stmt" count="31"/>
        <line num="43" type="stmt" count="31"/>
        <line num="46" type="stmt" count="31"/>
        <line num="47" type="stmt" count="31"/>
        <line num="50" type="stmt" count="31"/>
        <line num="51" type="stmt" count="31"/>
        <line num="54" type="stmt" count="31"/>
        <line num="55" type="stmt" count="31"/>
        <line num="58" type="stmt" count="31"/>
        <line num="59" type="stmt" count="31"/>
        <line num="60" type="stmt" count="31"/>
        <line num="61" type="stmt" count="31"/>
        <line num="62" type="stmt" count="31"/>
        <line num="64" type="stmt" count="31"/>
        <line num="65" type="stmt" count="31"/>
        <line num="67" type="method" name="configure" crap="1" count="31"/>
        <line num="69" type="stmt" count="31"/>
        <line num="70" type="stmt" count="31"/>
        <line num="74" type="stmt" count="31"/>
        <line num="75" type="stmt" count="31"/>
        <line num="76" type="stmt" count="31"/>
        <line num="78" type="stmt" count="31"/>
        <line num="80" type="stmt" count="31"/>
        <line num="81" type="stmt" count="31"/>
        <line num="82" type="stmt" count="31"/>
        <line num="84" type="stmt" count="31"/>
        <line num="88" type="stmt" count="31"/>
        <line num="89" type="stmt" count="31"/>
        <line num="90" type="stmt" count="31"/>
        <line num="91" type="stmt" count="31"/>
        <line num="93" type="stmt" count="31"/>
        <line num="95" type="stmt" count="31"/>
        <line num="96" type="stmt" count="31"/>
        <line num="97" type="stmt" count="31"/>
        <line num="98" type="stmt" count="31"/>
        <line num="99" type="stmt" count="31"/>
        <line num="101" type="stmt" count="31"/>
        <line num="103" type="stmt" count="31"/>
        <line num="104" type="stmt" count="31"/>
        <line num="105" type="stmt" count="31"/>
        <line num="106" type="stmt" count="31"/>
        <line num="108" type="stmt" count="31"/>
        <line num="112" type="stmt" count="31"/>
        <line num="113" type="stmt" count="31"/>
        <line num="114" type="stmt" count="31"/>
        <line num="115" type="stmt" count="31"/>
        <line num="117" type="stmt" count="31"/>
        <line num="119" type="stmt" count="31"/>
        <line num="120" type="stmt" count="31"/>
        <line num="121" type="stmt" count="31"/>
        <line num="122" type="stmt" count="31"/>
        <line num="124" type="stmt" count="31"/>
        <line num="128" type="stmt" count="31"/>
        <line num="129" type="stmt" count="31"/>
        <line num="130" type="stmt" count="31"/>
        <line num="131" type="stmt" count="31"/>
        <line num="133" type="stmt" count="31"/>
        <line num="135" type="stmt" count="31"/>
        <line num="136" type="stmt" count="31"/>
        <line num="137" type="stmt" count="31"/>
        <line num="138" type="stmt" count="31"/>
        <line num="140" type="stmt" count="31"/>
        <line num="142" type="stmt" count="31"/>
        <line num="143" type="stmt" count="31"/>
        <line num="144" type="stmt" count="31"/>
        <line num="145" type="stmt" count="31"/>
        <line num="147" type="stmt" count="31"/>
        <line num="149" type="stmt" count="31"/>
        <line num="150" type="stmt" count="31"/>
        <line num="151" type="stmt" count="31"/>
        <line num="152" type="stmt" count="31"/>
        <line num="154" type="stmt" count="31"/>
        <line num="156" type="stmt" count="31"/>
        <line num="157" type="stmt" count="31"/>
        <line num="158" type="stmt" count="31"/>
        <line num="159" type="stmt" count="31"/>
        <line num="161" type="stmt" count="31"/>
        <line num="165" type="stmt" count="31"/>
        <line num="166" type="stmt" count="31"/>
        <line num="167" type="stmt" count="31"/>
        <line num="168" type="stmt" count="31"/>
        <line num="170" type="stmt" count="31"/>
        <line num="172" type="stmt" count="31"/>
        <line num="173" type="stmt" count="31"/>
        <line num="174" type="stmt" count="31"/>
        <line num="175" type="stmt" count="31"/>
        <line num="177" type="stmt" count="31"/>
        <line num="179" type="stmt" count="31"/>
        <line num="180" type="stmt" count="31"/>
        <line num="181" type="stmt" count="31"/>
        <line num="182" type="stmt" count="31"/>
        <line num="184" type="stmt" count="31"/>
        <line num="188" type="stmt" count="31"/>
        <line num="189" type="stmt" count="31"/>
        <line num="190" type="stmt" count="31"/>
        <line num="191" type="stmt" count="31"/>
        <line num="192" type="stmt" count="31"/>
        <line num="193" type="stmt" count="31"/>
        <line num="194" type="stmt" count="31"/>
        <line num="195" type="stmt" count="31"/>
        <line num="204" type="method" name="resolveReader" crap="4" count="24"/>
        <line num="206" type="stmt" count="24"/>
        <line num="207" type="stmt" count="24"/>
        <line num="210" type="stmt" count="24"/>
        <line num="211" type="stmt" count="24"/>
        <line num="212" type="stmt" count="24"/>
        <line num="213" type="stmt" count="9"/>
        <line num="214" type="stmt" count="9"/>
        <line num="215" type="stmt" count="9"/>
        <line num="216" type="stmt" count="9"/>
        <line num="217" type="stmt" count="2"/>
        <line num="220" type="stmt" count="23"/>
        <line num="222" type="stmt" count="23"/>
        <line num="230" type="method" name="resolveThemes" crap="3" count="22"/>
        <line num="232" type="stmt" count="22"/>
        <line num="233" type="stmt" count="22"/>
        <line num="235" type="stmt" count="22"/>
        <line num="236" type="stmt" count="22"/>
        <line num="237" type="stmt" count="22"/>
        <line num="238" type="stmt" count="1"/>
        <line num="240" type="stmt" count="21"/>
        <line num="241" type="stmt" count="21"/>
        <line num="243" type="stmt" count="21"/>
        <line num="252" type="method" name="enqueueImages" crap="3" count="6"/>
        <line num="255" type="stmt" count="6"/>
        <line num="256" type="stmt" count="4"/>
        <line num="257" type="stmt" count="4"/>
        <line num="259" type="stmt" count="4"/>
        <line num="264" type="stmt" count="2"/>
        <line num="265" type="stmt" count="2"/>
        <line num="267" type="stmt" count="2"/>
        <line num="268" type="stmt" count="2"/>
        <line num="269" type="stmt" count="2"/>
        <line num="270" type="stmt" count="2"/>
        <line num="271" type="stmt" count="2"/>
        <line num="272" type="stmt" count="2"/>
        <line num="278" type="method" name="execute" crap="21" count="24"/>
        <line num="280" type="stmt" count="24"/>
        <line num="281" type="stmt" count="23"/>
        <line num="282" type="stmt" count="22"/>
        <line num="285" type="stmt" count="21"/>
        <line num="286" type="stmt" count="4"/>
        <line num="287" type="stmt" count="2"/>
        <line num="288" type="stmt" count="4"/>
        <line num="289" type="stmt" count="1"/>
        <line num="290" type="stmt" count="1"/>
        <line num="291" type="stmt" count="1"/>
        <line num="293" type="stmt" count="3"/>
        <line num="294" type="stmt" count="3"/>
        <line num="295" type="stmt" count="20"/>
        <line num="296" type="stmt" count="1"/>
        <line num="300" type="stmt" count="19"/>
        <line num="301" type="stmt" count="4"/>
        <line num="302" type="stmt" count="2"/>
        <line num="303" type="stmt" count="2"/>
        <line num="304" type="stmt" count="4"/>
        <line num="305" type="stmt" count="1"/>
        <line num="306" type="stmt" count="1"/>
        <line num="307" type="stmt" count="1"/>
        <line num="310" type="stmt" count="3"/>
        <line num="311" type="stmt" count="18"/>
        <line num="312" type="stmt" count="1"/>
        <line num="316" type="stmt" count="17"/>
        <line num="317" type="stmt" count="17"/>
        <line num="318" type="stmt" count="17"/>
        <line num="319" type="stmt" count="1"/>
        <line num="322" type="stmt" count="16"/>
        <line num="323" type="stmt" count="16"/>
        <line num="325" type="stmt" count="16"/>
        <line num="326" type="stmt" count="1"/>
        <line num="329" type="stmt" count="15"/>
        <line num="330" type="stmt" count="13"/>
        <line num="333" type="stmt" count="15"/>
        <line num="334" type="stmt" count="15"/>
        <line num="336" type="stmt" count="15"/>
        <line num="337" type="stmt" count="15"/>
        <line num="340" type="stmt" count="15"/>
        <line num="341" type="stmt" count="15"/>
        <line num="342" type="stmt" count="2"/>
        <line num="343" type="stmt" count="1"/>
        <line num="344" type="stmt" count="1"/>
        <line num="345" type="stmt" count="1"/>
        <line num="349" type="stmt" count="14"/>
        <line num="350" type="stmt" count="1"/>
        <line num="353" type="stmt" count="14"/>
        <line num="354" type="stmt" count="14"/>
        <line num="355" type="stmt" count="14"/>
        <line num="357" type="stmt" count="14"/>
        <line num="358" type="stmt" count="1"/>
        <line num="359" type="stmt" count="1"/>
        <line num="360" type="stmt" count="1"/>
        <line num="361" type="stmt" count="1"/>
        <line num="362" type="stmt" count="1"/>
        <line num="363" type="stmt" count="1"/>
        <line num="364" type="stmt" count="1"/>
        <line num="366" type="stmt" count="1"/>
        <line num="367" type="stmt" count="1"/>
        <line num="368" type="stmt" count="1"/>
        <line num="369" type="stmt" count="1"/>
        <line num="370" type="stmt" count="1"/>
        <line num="372" type="stmt" count="1"/>
        <line num="373" type="stmt" count="1"/>
        <line num="374" type="stmt" count="1"/>
        <line num="377" type="stmt" count="14"/>
        <line num="378" type="stmt" count="2"/>
        <line num="379" type="stmt" count="1"/>
        <line num="380" type="stmt" count="1"/>
        <line num="381" type="stmt" count="1"/>
        <line num="383" type="stmt" count="1"/>
        <line num="384" type="stmt" count="12"/>
        <line num="385" type="stmt" count="11"/>
        <line num="386" type="stmt" count="11"/>
        <line num="387" type="stmt" count="1"/>
        <line num="390" type="stmt" count="14"/>
        <metrics loc="398" ncloc="340" classes="1" methods="6" coveredmethods="6" conditionals="0" coveredconditionals="0" statements="213" coveredstatements="213" elements="219" coveredelements="219"/>
      </file>
    </package>
    <package name="Icecave\Woodhouse\Console\Helper">
      <file name="/home/travis/build/IcecaveStudios/woodhouse/src/Console/Helper/HiddenInputHelper.php">
        <class name="HiddenInputHelper" namespace="Icecave\Woodhouse\Console\Helper">
          <metrics methods="8" coveredmethods="8" conditionals="0" coveredconditionals="0" statements="44" coveredstatements="44" elements="52" coveredelements="52"/>
        </class>
        <line num="16" type="method" name="__construct" crap="2" count="38"/>
        <line num="18" type="stmt" count="38"/>
        <line num="19" type="stmt" count="32"/>
        <line num="22" type="stmt" count="38"/>
        <line num="23" type="stmt" count="38"/>
        <line num="24" type="stmt" count="38"/>
        <line num="29" type="method" name="getName" crap="1" count="32"/>
        <line num="31" type="stmt" count="32"/>
        <line num="37" type="method" name="hiddenInputPath" crap="1" count="4"/>
        <line num="39" type="stmt" count="4"/>
        <line num="48" type="method" name="askHiddenResponse" crap="2" count="5"/>
        <line num="50" type="stmt" count="5"/>
        <line num="51" type="stmt" count="2"/>
        <line num="54" type="stmt" count="3"/>
        <line num="63" type="method" name="askHiddenResponseWindows" crap="1" count="2"/>
        <line num="65" type="stmt" count="2"/>
        <line num="66" type="stmt" count="2"/>
        <line num="67" type="stmt" count="2"/>
        <line num="69" type="stmt" count="1"/>
        <line num="70" type="stmt" count="1"/>
        <line num="72" type="stmt" count="1"/>
        <line num="81" type="method" name="askHiddenResponseStty" crap="3" count="3"/>
        <line num="83" type="stmt" count="3"/>
        <line num="85" type="stmt" count="3"/>
        <line num="86" type="stmt" count="2"/>
        <line num="88" type="stmt" count="2"/>
        <line num="91" type="stmt" count="2"/>
        <line num="92" type="stmt" count="2"/>
        <line num="94" type="stmt" count="1"/>
        <line num="95" type="stmt" count="2"/>
        <line num="99" type="stmt" count="2"/>
        <line num="100" type="stmt" count="2"/>
        <line num="101" type="stmt" count="1"/>
        <line num="103" type="stmt" count="1"/>
        <line num="105" type="stmt" count="1"/>
        <line num="111" type="method" name="hiddenInputRealPath" crap="2" count="2"/>
        <line num="113" type="stmt" count="2"/>
        <line num="114" type="stmt" count="2"/>
        <line num="115" type="stmt" count="2"/>
        <line num="116" type="stmt" count="2"/>
        <line num="117" type="stmt" count="2"/>
        <line num="118" type="stmt" count="2"/>
        <line num="119" type="stmt" count="2"/>
        <line num="120" type="stmt" count="2"/>
        <line num="121" type="stmt" count="2"/>
        <line num="122" type="stmt" count="2"/>
        <line num="125" type="stmt" count="2"/>
        <line num="133" type="method" name="execute" crap="2" count="5"/>
        <line num="135" type="stmt" count="5"/>
        <line num="136" type="stmt" count="5"/>
        <line num="137" type="stmt" count="2"/>
        <line num="140" type="stmt" count="3"/>
        <metrics loc="147" ncloc="109" classes="1" methods="8" coveredmethods="8" conditionals="0" coveredconditionals="0" statements="44" coveredstatements="44" elements="52" coveredelements="52"/>
      </file>
    </package>
    <package name="Icecave\Woodhouse\Coverage">
      <file name="/home/travis/build/IcecaveStudios/woodhouse/src/Coverage/CoverageImageSelector.php">
        <class name="CoverageImageSelector" namespace="Icecave\Woodhouse\Coverage">
          <metrics methods="5" coveredmethods="5" conditionals="0" coveredconditionals="0" statements="7" coveredstatements="7" elements="12" coveredelements="12"/>
        </class>
        <line num="9" type="method" name="__construct" crap="1" count="235"/>
        <line num="11" type="stmt" count="235"/>
        <line num="12" type="stmt" count="235"/>
        <line num="19" type="method" name="roundPercentage" crap="1" count="204"/>
        <line num="21" type="stmt" count="204"/>
        <line num="29" type="method" name="imageFilename" crap="1" count="3"/>
        <line num="31" type="stmt" count="3"/>
        <line num="33" type="stmt" count="3"/>
        <line num="39" type="method" name="errorImageFilename" crap="1" count="2"/>
        <line num="41" type="stmt" count="2"/>
        <line num="47" type="method" name="unknownImageFilename" crap="1" count="1"/>
        <line num="49" type="stmt" count="1"/>
        <metrics loc="53" ncloc="34" classes="1" methods="5" coveredmethods="5" conditionals="0" coveredconditionals="0" statements="7" coveredstatements="7" elements="12" coveredelements="12"/>
      </file>
      <file name="/home/travis/build/IcecaveStudios/woodhouse/src/Coverage/CoverageReaderFactory.php">
        <class name="CoverageReaderFactory" namespace="Icecave\Woodhouse\Coverage">
          <metrics methods="3" coveredmethods="3" conditionals="0" coveredconditionals="0" statements="10" coveredstatements="10" elements="13" coveredelements="13"/>
        </class>
        <line num="14" type="method" name="__construct" crap="1" count="35"/>
        <line num="16" type="stmt" count="35"/>
        <line num="17" type="stmt" count="35"/>
        <line num="22" type="method" name="supportedTypes" crap="1" count="24"/>
        <line num="25" type="stmt" count="24"/>
        <line num="26" type="stmt" count="24"/>
        <line num="27" type="stmt" count="24"/>
        <line num="36" type="method" name="create" crap="3" count="7"/>
        <line num="39" type="stmt" count="7"/>
        <line num="40" type="stmt" count="5"/>
        <line num="41" type="stmt" count="2"/>
        <line num="42" type="stmt" count="1"/>
        <line num="45" type="stmt" count="1"/>
        <metrics loc="49" ncloc="37" classes="1" methods="3" coveredmethods="3" conditionals="0" coveredconditionals="0" statements="10" coveredstatements="10" elements="13" coveredelements="13"/>
      </file>
    </package>
    <package name="Icecave\Woodhouse\Coverage\Readers">
      <file name="/home/travis/build/IcecaveStudios/woodhouse/src/Coverage/Readers/CommandLineReader.php">
        <class name="CommandLineReader" namespace="Icecave\Woodhouse\Coverage\Readers">
          <metrics methods="2" coveredmethods="2" conditionals="0" coveredconditionals="0" statements="3" coveredstatements="3" elements="5" coveredelements="5"/>
        </class>
        <line num="11" type="method" name="__construct" crap="1" count="6"/>
        <line num="13" type="stmt" count="6"/>
        <line num="14" type="stmt" count="6"/>
        <line num="19" type="method" name="readPercentage" crap="1" count="4"/>
        <line num="21" type="stmt" count="4"/>
        <metrics loc="25" ncloc="19" classes="1" methods="2" coveredmethods="2" conditionals="0" coveredconditionals="0" statements="3" coveredstatements="3" elements="5" coveredelements="5"/>
      </file>
      <file name="/home/travis/build/IcecaveStudios/woodhouse/src/Coverage/Readers/PhpUnitTextReader.php">
        <class name="PhpUnitTextReader" namespace="Icecave\Woodhouse\Coverage\Readers">
          <metrics methods="2" coveredmethods="2" conditionals="0" coveredconditionals="0" statements="10" coveredstatements="10" elements="12" coveredelements="12"/>
        </class>
        <line num="16" type="method" name="__construct" crap="1" count="4"/>
        <line num="18" type="stmt" count="4"/>
        <line num="19" type="stmt" count="4"/>
        <line num="20" type="stmt" count="4"/>
        <line num="25" type="method" name="readPercentage" crap="3" count="3"/>
        <line num="27" type="stmt" count="3"/>
        <line num="29" type="stmt" count="3"/>
        <line num="30" type="stmt" count="3"/>
        <line num="31" type="stmt" count="2"/>
        <line num="32" type="stmt" count="1"/>
        <line num="35" type="stmt" count="1"/>
        <line num="38" type="stmt" count="1"/>
        <metrics loc="43" ncloc="34" classes="1" methods="2" coveredmethods="2" conditionals="0" coveredconditionals="0" statements="10" coveredstatements="10" elements="12" coveredelements="12"/>
      </file>
    </package>
    <package name="Icecave\Woodhouse\Git">
      <file name="/home/travis/build/IcecaveStudios/woodhouse/src/Git/Git.php">
        <class name="Git" namespace="Icecave\Woodhouse\Git">
          <metrics methods="14" coveredmethods="14" conditionals="0" coveredconditionals="0" statements="63" coveredstatements="63" elements="77" coveredelements="77"/>
        </class>
        <line num="13" type="method" name="__construct" crap="2" count="50"/>
        <line num="16" type="stmt" count="50"/>
        <line num="17" type="stmt" count="33"/>
        <line num="20" type="stmt" count="50"/>
        <line num="22" type="stmt" count="50"/>
        <line num="27" type="method" name="setOutputFilter" crap="1" count="33"/>
        <line num="29" type="stmt" count="33"/>
        <line num="30" type="stmt" count="33"/>
        <line num="40" type="method" name="cloneRepo" crap="3" count="2"/>
        <line num="42" type="stmt" count="2"/>
        <line num="44" type="stmt" count="2"/>
        <line num="45" type="stmt" count="1"/>
        <line num="46" type="stmt" count="1"/>
        <line num="49" type="stmt" count="2"/>
        <line num="50" type="stmt" count="1"/>
        <line num="51" type="stmt" count="1"/>
        <line num="54" type="stmt" count="2"/>
        <line num="56" type="stmt" count="2"/>
        <line num="58" type="stmt" count="2"/>
        <line num="60" type="stmt" count="2"/>
        <line num="69" type="method" name="checkout" crap="2" count="2"/>
        <line num="71" type="stmt" count="2"/>
        <line num="72" type="stmt" count="2"/>
        <line num="73" type="stmt" count="1"/>
        <line num="75" type="stmt" count="2"/>
        <line num="77" type="stmt" count="2"/>
        <line num="86" type="method" name="add" crap="1" count="1"/>
        <line num="88" type="stmt" count="1"/>
        <line num="90" type="stmt" count="1"/>
        <line num="99" type="method" name="remove" crap="2" count="1"/>
        <line num="101" type="stmt" count="1"/>
        <line num="102" type="stmt" count="1"/>
        <line num="103" type="stmt" count="1"/>
        <line num="104" type="stmt" count="1"/>
        <line num="106" type="stmt" count="1"/>
        <line num="108" type="stmt" count="1"/>
        <line num="116" type="method" name="diff" crap="2" count="2"/>
        <line num="118" type="stmt" count="2"/>
        <line num="119" type="stmt" count="2"/>
        <line num="120" type="stmt" count="1"/>
        <line num="123" type="stmt" count="2"/>
        <line num="131" type="method" name="commit" crap="1" count="1"/>
        <line num="133" type="stmt" count="1"/>
        <line num="135" type="stmt" count="1"/>
        <line num="144" type="method" name="push" crap="2" count="2"/>
        <line num="146" type="stmt" count="2"/>
        <line num="147" type="stmt" count="2"/>
        <line num="148" type="stmt" count="1"/>
        <line num="151" type="stmt" count="2"/>
        <line num="157" type="method" name="pull" crap="1" count="1"/>
        <line num="159" type="stmt" count="1"/>
        <line num="161" type="stmt" count="1"/>
        <line num="170" type="method" name="setConfig" crap="1" count="1"/>
        <line num="172" type="stmt" count="1"/>
        <line num="174" type="stmt" count="1"/>
        <line num="180" type="method" name="executable" crap="1" count="2"/>
        <line num="182" type="stmt" count="2"/>
        <line num="190" type="method" name="execute" crap="4" count="15"/>
        <line num="192" type="stmt" count="15"/>
        <line num="194" type="stmt" count="15"/>
        <line num="195" type="stmt" count="15"/>
        <line num="196" type="stmt" count="15"/>
        <line num="197" type="stmt" count="15"/>
        <line num="199" type="stmt" count="15"/>
        <line num="201" type="stmt" count="15"/>
        <line num="202" type="stmt" count="1"/>
        <line num="205" type="stmt" count="15"/>
        <line num="207" type="stmt" count="15"/>
        <line num="208" type="stmt" count="1"/>
        <line num="209" type="stmt" count="1"/>
        <line num="210" type="stmt" count="1"/>
        <line num="211" type="stmt" count="1"/>
        <line num="212" type="stmt" count="1"/>
        <line num="213" type="stmt" count="1"/>
        <line num="214" type="stmt" count="1"/>
        <line num="217" type="stmt" count="14"/>
        <line num="223" type="method" name="createProcess" crap="1" count="1"/>
        <line num="225" type="stmt" count="1"/>
        <metrics loc="231" ncloc="163" classes="1" methods="14" coveredmethods="14" conditionals="0" coveredconditionals="0" statements="64" coveredstatements="64" elements="78" coveredelements="78"/>
      </file>
    </package>
    <package name="Icecave\Woodhouse\GitHub">
      <file name="/home/travis/build/IcecaveStudios/woodhouse/src/GitHub/GitHubClient.php">
        <class name="GitHubClient" namespace="Icecave\Woodhouse\GitHub">
          <metrics methods="11" coveredmethods="11" conditionals="0" coveredconditionals="0" statements="72" coveredstatements="72" elements="83" coveredelements="83"/>
        </class>
        <line num="14" type="method" name="__construct" crap="3" count="17"/>
        <line num="18" type="stmt" count="17"/>
        <line num="19" type="stmt" count="4"/>
        <line num="21" type="stmt" count="17"/>
        <line num="22" type="stmt" count="1"/>
        <line num="25" type="stmt" count="17"/>
        <line num="26" type="stmt" count="17"/>
        <line num="27" type="stmt" count="17"/>
        <line num="32" type="method" name="url" crap="1" count="10"/>
        <line num="34" type="stmt" count="10"/>
        <line num="40" type="method" name="browser" crap="1" count="11"/>
        <line num="42" type="stmt" count="11"/>
        <line num="48" type="method" name="authorizations" crap="1" count="3"/>
        <line num="50" type="stmt" count="3"/>
        <line num="59" type="method" name="authorizationsMatching" crap="8" count="3"/>
        <line num="61" type="stmt" count="3"/>
        <line num="62" type="stmt" count="1"/>
        <line num="64" type="stmt" count="3"/>
        <line num="65" type="stmt" count="1"/>
        <line num="68" type="stmt" count="3"/>
        <line num="69" type="stmt" count="3"/>
        <line num="70" type="stmt" count="3"/>
        <line num="71" type="stmt" count="3"/>
        <line num="72" type="stmt" count="3"/>
        <line num="73" type="stmt" count="3"/>
        <line num="75" type="stmt" count="3"/>
        <line num="76" type="stmt" count="3"/>
        <line num="77" type="stmt" count="3"/>
        <line num="78" type="stmt" count="3"/>
        <line num="81" type="stmt" count="3"/>
        <line num="82" type="stmt" count="3"/>
        <line num="84" type="stmt" count="3"/>
        <line num="86" type="stmt" count="3"/>
        <line num="96" type="method" name="createAuthorization" crap="4" count="4"/>
        <line num="101" type="stmt" count="4"/>
        <line num="102" type="stmt" count="4"/>
        <line num="103" type="stmt" count="1"/>
        <line num="105" type="stmt" count="4"/>
        <line num="106" type="stmt" count="1"/>
        <line num="108" type="stmt" count="4"/>
        <line num="109" type="stmt" count="1"/>
        <line num="112" type="stmt" count="4"/>
        <line num="118" type="method" name="deleteAuthorization" crap="1" count="2"/>
        <line num="120" type="stmt" count="2"/>
        <line num="121" type="stmt" count="2"/>
        <line num="122" type="stmt" count="2"/>
        <line num="123" type="stmt" count="2"/>
        <line num="124" type="stmt" count="1"/>
        <line num="131" type="method" name="get" crap="2" count="3"/>
        <line num="133" type="stmt" count="3"/>
        <line num="134" type="stmt" count="3"/>
        <line num="135" type="stmt" count="3"/>
        <line num="136" type="stmt" count="1"/>
        <line num="137" type="stmt" count="1"/>
        <line num="138" type="stmt" count="1"/>
        <line num="139" type="stmt" count="1"/>
        <line num="140" type="stmt" count="1"/>
        <line num="143" type="stmt" count="2"/>
        <line num="152" type="method" name="post" crap="2" count="4"/>
        <line num="154" type="stmt" count="4"/>
        <line num="155" type="stmt" count="4"/>
        <line num="156" type="stmt" count="4"/>
        <line num="157" type="stmt" count="1"/>
        <line num="158" type="stmt" count="1"/>
        <line num="159" type="stmt" count="1"/>
        <line num="160" type="stmt" count="1"/>
        <line num="161" type="stmt" count="1"/>
        <line num="164" type="stmt" count="3"/>
        <line num="170" type="method" name="delete" crap="2" count="2"/>
        <line num="172" type="stmt" count="2"/>
        <line num="173" type="stmt" count="2"/>
        <line num="174" type="stmt" count="2"/>
        <line num="175" type="stmt" count="1"/>
        <line num="176" type="stmt" count="1"/>
        <line num="177" type="stmt" count="1"/>
        <line num="178" type="stmt" count="1"/>
        <line num="179" type="stmt" count="1"/>
        <line num="181" type="stmt" count="1"/>
        <line num="188" type="method" name="parseJson" crap="2" count="5"/>
        <line num="190" type="stmt" count="5"/>
        <line num="191" type="stmt" count="5"/>
        <line num="192" type="stmt" count="2"/>
        <line num="195" type="stmt" count="3"/>
        <metrics loc="200" ncloc="152" classes="1" methods="11" coveredmethods="11" conditionals="0" coveredconditionals="0" statements="72" coveredstatements="72" elements="83" coveredelements="83"/>
      </file>
      <file name="/home/travis/build/IcecaveStudios/woodhouse/src/GitHub/GitHubClientFactory.php">
        <class name="GitHubClientFactory" namespace="Icecave\Woodhouse\GitHub">
          <metrics methods="6" coveredmethods="6" conditionals="0" coveredconditionals="0" statements="31" coveredstatements="31" elements="37" coveredelements="37"/>
        </class>
        <line num="15" type="method" name="__construct" crap="2" count="37"/>
        <line num="19" type="stmt" count="37"/>
        <line num="20" type="stmt" count="32"/>
        <line num="23" type="stmt" count="37"/>
        <line num="24" type="stmt" count="37"/>
        <line num="25" type="stmt" count="37"/>
        <line num="26" type="stmt" count="37"/>
        <line num="31" type="method" name="userAgent" crap="1" count="4"/>
        <line num="33" type="stmt" count="4"/>
        <line num="39" type="method" name="setUserAgent" crap="1" count="33"/>
        <line num="41" type="stmt" count="33"/>
        <line num="42" type="stmt" count="33"/>
        <line num="47" type="method" name="caCertificatePath" crap="1" count="5"/>
        <line num="49" type="stmt" count="5"/>
        <line num="58" type="method" name="create" crap="3" count="3"/>
        <line num="60" type="stmt" count="3"/>
        <line num="61" type="stmt" count="3"/>
        <line num="63" type="stmt" count="3"/>
        <line num="64" type="stmt" count="1"/>
        <line num="67" type="stmt" count="3"/>
        <line num="69" type="stmt" count="3"/>
        <line num="70" type="stmt" count="1"/>
        <line num="71" type="stmt" count="1"/>
        <line num="72" type="stmt" count="1"/>
        <line num="75" type="stmt" count="3"/>
        <line num="81" type="method" name="caCertificateRealPath" crap="2" count="3"/>
        <line num="83" type="stmt" count="3"/>
        <line num="84" type="stmt" count="3"/>
        <line num="85" type="stmt" count="3"/>
        <line num="86" type="stmt" count="3"/>
        <line num="87" type="stmt" count="3"/>
        <line num="88" type="stmt" count="3"/>
        <line num="89" type="stmt" count="3"/>
        <line num="90" type="stmt" count="3"/>
        <line num="91" type="stmt" count="3"/>
        <line num="92" type="stmt" count="3"/>
        <line num="95" type="stmt" count="3"/>
        <metrics loc="101" ncloc="79" classes="1" methods="6" coveredmethods="6" conditionals="0" coveredconditionals="0" statements="31" coveredstatements="31" elements="37" coveredelements="37"/>
      </file>
    </package>
    <package name="Icecave\Woodhouse">
      <file name="/home/travis/build/IcecaveStudios/woodhouse/src/PackageInfo.php">
        <class name="PackageInfo" namespace="Icecave\Woodhouse">
          <metrics methods="0" coveredmethods="0" conditionals="0" coveredconditionals="0" statements="0" coveredstatements="0" elements="0" coveredelements="0"/>
        </class>
        <metrics loc="8" ncloc="8" classes="1" methods="0" coveredmethods="0" conditionals="0" coveredconditionals="0" statements="0" coveredstatements="0" elements="0" coveredelements="0"/>
      </file>
    </package>
    <package name="Icecave\Woodhouse\Publisher">
      <file name="/home/travis/build/IcecaveStudios/woodhouse/src/Publisher/AbstractPublisher.php">
        <class name="AbstractPublisher" namespace="Icecave\Woodhouse\Publisher">
          <metrics methods="5" coveredmethods="5" conditionals="0" coveredconditionals="0" statements="9" coveredstatements="9" elements="14" coveredelements="14"/>
        </class>
        <line num="6" type="method" name="__construct" crap="1" count="59"/>
        <line num="8" type="stmt" count="59"/>
        <line num="9" type="stmt" count="59"/>
        <line num="17" type="method" name="add" crap="1" count="12"/>
        <line num="19" type="stmt" count="12"/>
        <line num="20" type="stmt" count="12"/>
        <line num="27" type="method" name="remove" crap="1" count="1"/>
        <line num="29" type="stmt" count="1"/>
        <line num="30" type="stmt" count="1"/>
        <line num="35" type="method" name="clear" crap="1" count="1"/>
        <line num="37" type="stmt" count="1"/>
        <line num="38" type="stmt" count="1"/>
        <line num="43" type="method" name="contentPaths" crap="1" count="13"/>
        <line num="45" type="stmt" count="13"/>
        <metrics loc="49" ncloc="32" classes="1" methods="5" coveredmethods="5" conditionals="0" coveredconditionals="0" statements="9" coveredstatements="9" elements="14" coveredelements="14"/>
      </file>
      <file name="/home/travis/build/IcecaveStudios/woodhouse/src/Publisher/GitHubPublisher.php">
        <class name="GitHubPublisher" namespace="Icecave\Woodhouse\Publisher">
          <metrics methods="19" coveredmethods="19" conditionals="0" coveredconditionals="0" statements="90" coveredstatements="90" elements="109" coveredelements="109"/>
        </class>
        <line num="21" type="method" name="__construct" crap="3" count="54"/>
        <line num="26" type="stmt" count="54"/>
        <line num="27" type="stmt" count="32"/>
        <line num="30" type="stmt" count="54"/>
        <line num="31" type="stmt" count="32"/>
        <line num="34" type="stmt" count="54"/>
        <line num="35" type="stmt" count="54"/>
        <line num="36" type="stmt" count="54"/>
        <line num="37" type="stmt" count="54"/>
        <line num="38" type="stmt" count="54"/>
        <line num="39" type="stmt" count="54"/>
        <line num="42" type="stmt" count="54"/>
        <line num="43" type="method" name="anonymous function" crap="1" count="54"/>
        <line num="44" type="stmt" count="1"/>
        <line num="45" type="stmt" count="1"/>
        <line num="47" type="stmt" count="1"/>
        <line num="48" type="stmt" count="54"/>
        <line num="50" type="stmt" count="54"/>
        <line num="52" type="stmt" count="54"/>
        <line num="53" type="stmt" count="54"/>
        <line num="58" type="method" name="fileSystem" crap="1" count="1"/>
        <line num="60" type="stmt" count="1"/>
        <line num="66" type="method" name="git" crap="1" count="1"/>
        <line num="68" type="stmt" count="1"/>
        <line num="76" type="method" name="publish" crap="1" count="8"/>
        <line num="78" type="stmt" count="8"/>
        <line num="86" type="method" name="dryRun" crap="1" count="2"/>
        <line num="88" type="stmt" count="2"/>
        <line num="94" type="method" name="repository" crap="1" count="3"/>
        <line num="96" type="stmt" count="3"/>
        <line num="102" type="method" name="setRepository" crap="2" count="12"/>
        <line num="104" type="stmt" count="12"/>
        <line num="105" type="stmt" count="1"/>
        <line num="108" type="stmt" count="11"/>
        <line num="109" type="stmt" count="11"/>
        <line num="114" type="method" name="repositoryUrl" crap="3" count="10"/>
        <line num="116" type="stmt" count="10"/>
        <line num="117" type="stmt" count="1"/>
        <line num="118" type="stmt" count="10"/>
        <line num="119" type="stmt" count="2"/>
        <line num="121" type="stmt" count="9"/>
        <line num="128" type="method" name="branch" crap="1" count="11"/>
        <line num="130" type="stmt" count="11"/>
        <line num="136" type="method" name="setBranch" crap="1" count="9"/>
        <line num="138" type="stmt" count="9"/>
        <line num="139" type="stmt" count="9"/>
        <line num="144" type="method" name="commitMessage" crap="1" count="7"/>
        <line num="146" type="stmt" count="7"/>
        <line num="152" type="method" name="setCommitMessage" crap="1" count="9"/>
        <line num="154" type="stmt" count="9"/>
        <line num="155" type="stmt" count="9"/>
        <line num="160" type="method" name="authToken" crap="1" count="3"/>
        <line num="162" type="stmt" count="3"/>
        <line num="169" type="method" name="setAuthToken" crap="2" count="12"/>
        <line num="171" type="stmt" count="12"/>
        <line num="174" type="stmt" count="1"/>
        <line num="177" type="stmt" count="11"/>
        <line num="178" type="stmt" count="11"/>
        <line num="187" type="method" name="doPublish" crap="5" count="10"/>
        <line num="189" type="stmt" count="10"/>
        <line num="190" type="stmt" count="1"/>
        <line num="193" type="stmt" count="9"/>
        <line num="196" type="stmt" count="9"/>
        <line num="197" type="stmt" count="8"/>
        <line num="200" type="stmt" count="8"/>
        <line num="201" type="stmt" count="8"/>
        <line num="202" type="stmt" count="2"/>
        <line num="205" type="stmt" count="6"/>
        <line num="206" type="stmt" count="5"/>
        <line num="207" type="stmt" count="5"/>
        <line num="208" type="stmt" count="5"/>
        <line num="210" type="stmt" count="5"/>
        <line num="213" type="stmt" count="5"/>
        <line num="215" type="stmt" count="5"/>
        <line num="217" type="stmt" count="2"/>
        <line num="218" type="stmt" count="2"/>
        <line num="219" type="stmt" count="2"/>
        <line num="226" type="method" name="cloneRepo" crap="4" count="9"/>
        <line num="229" type="stmt" count="9"/>
        <line num="230" type="stmt" count="7"/>
        <line num="231" type="stmt" count="7"/>
        <line num="232" type="stmt" count="7"/>
        <line num="233" type="stmt" count="9"/>
        <line num="234" type="stmt" count="2"/>
        <line num="235" type="stmt" count="1"/>
        <line num="238" type="stmt" count="1"/>
        <line num="239" type="stmt" count="1"/>
        <line num="240" type="stmt" count="1"/>
        <line num="242" type="stmt" count="8"/>
        <line num="247" type="method" name="stageContent" crap="4" count="8"/>
        <line num="249" type="stmt" count="8"/>
        <line num="251" type="stmt" count="8"/>
        <line num="252" type="stmt" count="8"/>
        <line num="253" type="stmt" count="8"/>
        <line num="255" type="stmt" count="8"/>
        <line num="256" type="stmt" count="8"/>
        <line num="259" type="stmt" count="8"/>
        <line num="260" type="stmt" count="5"/>
        <line num="261" type="stmt" count="5"/>
        <line num="262" type="stmt" count="5"/>
        <line num="263" type="stmt" count="8"/>
        <line num="266" type="stmt" count="8"/>
        <line num="267" type="stmt" count="8"/>
        <line num="268" type="stmt" count="8"/>
        <line num="273" type="method" name="push" crap="3" count="5"/>
        <line num="276" type="stmt" count="5"/>
        <line num="278" type="stmt" count="5"/>
        <line num="280" type="stmt" count="5"/>
        <line num="281" type="stmt" count="5"/>
        <line num="282" type="stmt" count="5"/>
        <line num="284" type="stmt" count="5"/>
        <line num="287" type="stmt" count="2"/>
        <metrics loc="298" ncloc="222" classes="1" methods="19" coveredmethods="19" conditionals="0" coveredconditionals="0" statements="93" coveredstatements="93" elements="112" coveredelements="112"/>
      </file>
    </package>
    <metrics files="24" loc="2252" ncloc="1766" classes="24" methods="115" coveredmethods="115" conditionals="0" coveredconditionals="0" statements="770" coveredstatements="770" elements="885" coveredelements="885"/>
  </project>
</coverage>
