<?xml version="1.0" encoding="UTF-8"?>
<coverage generated="1378641975">
  <project timestamp="1378641975">
    <package name="Icecave\Woodhouse\BuildStatus">
      <file name="/home/travis/build/IcecaveStudios/woodhouse/lib/Icecave/Woodhouse/BuildStatus/BuildStatus.php">
        <class name="BuildStatus" namespace="Icecave\Woodhouse\BuildStatus">
          <metrics methods="0" coveredmethods="0" conditionals="0" coveredconditionals="0" statements="0" coveredstatements="0" elements="0" coveredelements="0"/>
        </class>
        <line num="14" type="stmt" count="0"/>
        <metrics loc="13" ncloc="13" classes="1" methods="0" coveredmethods="0" conditionals="0" coveredconditionals="0" statements="0" coveredstatements="0" elements="0" coveredelements="0"/>
      </file>
      <file name="/home/travis/build/IcecaveStudios/woodhouse/lib/Icecave/Woodhouse/BuildStatus/StatusImageSelector.php">
        <class name="StatusImageSelector" namespace="Icecave\Woodhouse\BuildStatus">
          <metrics methods="2" coveredmethods="2" conditionals="0" coveredconditionals="0" statements="4" coveredstatements="4" elements="6" coveredelements="6"/>
        </class>
        <line num="8" type="method" name="__construct" crap="1" count="1"/>
        <line num="10" type="stmt" count="1"/>
        <line num="11" type="stmt" count="1"/>
        <line num="18" type="method" name="imageFilename" crap="1" count="1"/>
        <line num="20" type="stmt" count="1"/>
        <line num="22" type="stmt" count="1"/>
        <line num="28" type="stmt" count="0"/>
        <metrics loc="27" ncloc="22" classes="1" methods="2" coveredmethods="2" conditionals="0" coveredconditionals="0" statements="4" coveredstatements="4" elements="6" coveredelements="6"/>
      </file>
      <file name="/home/travis/build/IcecaveStudios/woodhouse/lib/Icecave/Woodhouse/BuildStatus/StatusReaderFactory.php">
        <class name="StatusReaderFactory" namespace="Icecave\Woodhouse\BuildStatus">
          <metrics methods="3" coveredmethods="3" conditionals="0" coveredconditionals="0" statements="19" coveredstatements="19" elements="22" coveredelements="22"/>
        </class>
        <line num="17" type="method" name="__construct" crap="1" count="6"/>
        <line num="19" type="stmt" count="6"/>
        <line num="21" type="stmt" count="6"/>
        <line num="22" type="stmt" count="6"/>
        <line num="27" type="method" name="supportedTypes" crap="1" count="1"/>
        <line num="29" type="stmt" count="1"/>
        <line num="32" type="stmt" count="1"/>
        <line num="33" type="stmt" count="1"/>
        <line num="34" type="stmt" count="1"/>
        <line num="35" type="stmt" count="1"/>
        <line num="36" type="stmt" count="1"/>
        <line num="45" type="method" name="create" crap="5" count="5"/>
        <line num="47" type="stmt" count="5"/>
        <line num="50" type="stmt" count="5"/>
        <line num="51" type="stmt" count="1"/>
        <line num="52" type="stmt" count="4"/>
        <line num="53" type="stmt" count="1"/>
        <line num="54" type="stmt" count="3"/>
        <line num="55" type="stmt" count="1"/>
        <line num="56" type="stmt" count="2"/>
        <line num="57" type="stmt" count="1"/>
        <line num="60" type="stmt" count="1"/>
        <line num="66" type="stmt" count="0"/>
        <metrics loc="65" ncloc="53" classes="1" methods="3" coveredmethods="3" conditionals="0" coveredconditionals="0" statements="19" coveredstatements="19" elements="22" coveredelements="22"/>
      </file>
    </package>
    <package name="Icecave\Woodhouse\BuildStatus\Readers">
      <file name="/home/travis/build/IcecaveStudios/woodhouse/lib/Icecave/Woodhouse/BuildStatus/Readers/CommandLineReader.php">
        <class name="CommandLineReader" namespace="Icecave\Woodhouse\BuildStatus\Readers">
          <metrics methods="2" coveredmethods="2" conditionals="0" coveredconditionals="0" statements="5" coveredstatements="5" elements="7" coveredelements="7"/>
        </class>
        <line num="13" type="method" name="__construct" crap="1" count="1"/>
        <line num="15" type="stmt" count="1"/>
        <line num="17" type="stmt" count="1"/>
        <line num="18" type="stmt" count="1"/>
        <line num="23" type="method" name="readStatus" crap="1" count="1"/>
        <line num="25" type="stmt" count="1"/>
        <line num="27" type="stmt" count="1"/>
        <line num="33" type="stmt" count="0"/>
        <metrics loc="32" ncloc="26" classes="1" methods="2" coveredmethods="2" conditionals="0" coveredconditionals="0" statements="5" coveredstatements="5" elements="7" coveredelements="7"/>
      </file>
      <file name="/home/travis/build/IcecaveStudios/woodhouse/lib/Icecave/Woodhouse/BuildStatus/Readers/JUnitReader.php">
        <class name="JUnitReader" namespace="Icecave\Woodhouse\BuildStatus\Readers">
          <metrics methods="2" coveredmethods="2" conditionals="0" coveredconditionals="0" statements="13" coveredstatements="13" elements="15" coveredelements="15"/>
        </class>
        <line num="17" type="method" name="__construct" crap="1" count="4"/>
        <line num="19" type="stmt" count="4"/>
        <line num="21" type="stmt" count="4"/>
        <line num="22" type="stmt" count="4"/>
        <line num="23" type="stmt" count="4"/>
        <line num="28" type="method" name="readStatus" crap="5" count="4"/>
        <line num="30" type="stmt" count="4"/>
        <line num="33" type="stmt" count="4"/>
        <line num="34" type="stmt" count="4"/>
        <line num="35" type="stmt" count="1"/>
        <line num="38" type="stmt" count="3"/>
        <line num="39" type="stmt" count="3"/>
        <line num="40" type="stmt" count="2"/>
        <line num="42" type="stmt" count="1"/>
        <line num="44" type="stmt" count="1"/>
        <line num="51" type="stmt" count="0"/>
        <metrics loc="50" ncloc="43" classes="1" methods="2" coveredmethods="2" conditionals="0" coveredconditionals="0" statements="13" coveredstatements="13" elements="15" coveredelements="15"/>
      </file>
      <file name="/home/travis/build/IcecaveStudios/woodhouse/lib/Icecave/Woodhouse/BuildStatus/Readers/PhpUnitJsonReader.php">
        <class name="PhpUnitJsonReader" namespace="Icecave\Woodhouse\BuildStatus\Readers">
          <metrics methods="3" coveredmethods="3" conditionals="0" coveredconditionals="0" statements="28" coveredstatements="28" elements="31" coveredelements="31"/>
        </class>
        <line num="0" type="stmt" count="0"/>
        <line num="20" type="method" name="__construct" crap="2" count="4"/>
        <line num="22" type="stmt" count="4"/>
        <line num="24" type="stmt" count="4"/>
        <line num="25" type="stmt" count="4"/>
        <line num="26" type="stmt" count="4"/>
        <line num="28" type="stmt" count="4"/>
        <line num="29" type="stmt" count="4"/>
        <line num="30" type="stmt" count="4"/>
        <line num="31" type="stmt" count="4"/>
        <line num="36" type="method" name="readStatus" crap="4" count="4"/>
        <line num="38" type="stmt" count="4"/>
        <line num="40" type="stmt" count="4"/>
        <line num="42" type="stmt" count="4"/>
        <line num="45" type="stmt" count="4"/>
        <line num="46" type="stmt" count="4"/>
        <line num="47" type="stmt" count="4"/>
        <line num="48" type="stmt" count="4"/>
        <line num="50" type="stmt" count="3"/>
        <line num="51" type="stmt" count="2"/>
        <line num="53" type="stmt" count="1"/>
        <line num="54" type="stmt" count="1"/>
        <line num="55" type="stmt" count="2"/>
        <line num="56" type="stmt" count="1"/>
        <line num="59" type="stmt" count="1"/>
        <line num="67" type="method" name="checkResults" crap="4" count="3"/>
        <line num="69" type="stmt" count="3"/>
        <line num="71" type="stmt" count="3"/>
        <line num="72" type="stmt" count="3"/>
        <line num="73" type="stmt" count="2"/>
        <line num="75" type="stmt" count="1"/>
        <line num="77" type="stmt" count="1"/>
        <line num="85" type="stmt" count="0"/>
        <metrics loc="84" ncloc="71" classes="1" methods="3" coveredmethods="3" conditionals="0" coveredconditionals="0" statements="28" coveredstatements="28" elements="31" coveredelements="31"/>
      </file>
      <file name="/home/travis/build/IcecaveStudios/woodhouse/lib/Icecave/Woodhouse/BuildStatus/Readers/TapReader.php">
        <class name="TapReader" namespace="Icecave\Woodhouse\BuildStatus\Readers">
          <metrics methods="2" coveredmethods="2" conditionals="0" coveredconditionals="0" statements="11" coveredstatements="11" elements="13" coveredelements="13"/>
        </class>
        <line num="16" type="method" name="__construct" crap="1" count="3"/>
        <line num="18" type="stmt" count="3"/>
        <line num="20" type="stmt" count="3"/>
        <line num="21" type="stmt" count="3"/>
        <line num="22" type="stmt" count="3"/>
        <line num="27" type="method" name="readStatus" crap="3" count="3"/>
        <line num="29" type="stmt" count="3"/>
        <line num="31" type="stmt" count="3"/>
        <line num="33" type="stmt" count="3"/>
        <line num="34" type="stmt" count="1"/>
        <line num="35" type="stmt" count="2"/>
        <line num="36" type="stmt" count="1"/>
        <line num="39" type="stmt" count="1"/>
        <line num="46" type="stmt" count="0"/>
        <metrics loc="45" ncloc="38" classes="1" methods="2" coveredmethods="2" conditionals="0" coveredconditionals="0" statements="11" coveredstatements="11" elements="13" coveredelements="13"/>
      </file>
    </package>
    <file name="/home/travis/build/IcecaveStudios/woodhouse/lib/Icecave/Woodhouse/BuildStatus/StatusReaderInterface.php">
      <line num="11" type="stmt" count="0"/>
      <metrics loc="10" ncloc="7" classes="0" methods="0" coveredmethods="0" conditionals="0" coveredconditionals="0" statements="0" coveredstatements="0" elements="0" coveredelements="0"/>
    </file>
    <package name="Icecave\Woodhouse\Console">
      <file name="/home/travis/build/IcecaveStudios/woodhouse/lib/Icecave/Woodhouse/Console/Application.php">
        <class name="Application" namespace="Icecave\Woodhouse\Console">
          <metrics methods="2" coveredmethods="2" conditionals="0" coveredconditionals="0" statements="11" coveredstatements="11" elements="13" coveredelements="13"/>
        </class>
        <line num="0" type="stmt" count="0"/>
        <line num="12" type="method" name="__construct" crap="1" count="4"/>
        <line num="14" type="stmt" count="4"/>
        <line num="16" type="stmt" count="4"/>
        <line num="18" type="stmt" count="4"/>
        <line num="20" type="stmt" count="4"/>
        <line num="21" type="stmt" count="4"/>
        <line num="22" type="stmt" count="4"/>
        <line num="23" type="stmt" count="4"/>
        <line num="24" type="stmt" count="4"/>
        <line num="25" type="stmt" count="4"/>
        <line num="27" type="method" name="vendorPath" crap="1" count="1"/>
        <line num="29" type="stmt" count="1"/>
        <line num="31" type="stmt" count="1"/>
        <line num="37" type="stmt" count="0"/>
        <metrics loc="36" ncloc="33" classes="1" methods="2" coveredmethods="2" conditionals="0" coveredconditionals="0" statements="11" coveredstatements="11" elements="13" coveredelements="13"/>
      </file>
    </package>
    <package name="Icecave\Woodhouse\Console\Command\GitHub">
      <file name="/home/travis/build/IcecaveStudios/woodhouse/lib/Icecave/Woodhouse/Console/Command/GitHub/AbstractGitHubCommand.php">
        <class name="AbstractGitHubCommand" namespace="Icecave\Woodhouse\Console\Command\GitHub">
          <metrics methods="8" coveredmethods="8" conditionals="0" coveredconditionals="0" statements="71" coveredstatements="71" elements="79" coveredelements="79"/>
        </class>
        <line num="21" type="method" name="__construct" crap="2" count="22"/>
        <line num="23" type="stmt" count="22"/>
        <line num="25" type="stmt" count="22"/>
        <line num="26" type="stmt" count="22"/>
        <line num="27" type="stmt" count="22"/>
        <line num="28" type="stmt" count="22"/>
        <line num="30" type="stmt" count="22"/>
        <line num="31" type="stmt" count="22"/>
        <line num="36" type="method" name="clientFactory" crap="1" count="16"/>
        <line num="38" type="stmt" count="16"/>
        <line num="40" type="stmt" count="16"/>
        <line num="46" type="method" name="setApplication" crap="2" count="22"/>
        <line num="48" type="stmt" count="22"/>
        <line num="50" type="stmt" count="22"/>
        <line num="52" type="stmt" count="22"/>
        <line num="53" type="stmt" count="22"/>
        <line num="54" type="stmt" count="22"/>
        <line num="55" type="stmt" count="22"/>
        <line num="56" type="stmt" count="22"/>
        <line num="57" type="stmt" count="22"/>
        <line num="59" type="method" name="configure" crap="1" count="22"/>
        <line num="61" type="stmt" count="22"/>
        <line num="63" type="stmt" count="22"/>
        <line num="64" type="stmt" count="22"/>
        <line num="65" type="stmt" count="22"/>
        <line num="66" type="stmt" count="22"/>
        <line num="68" type="stmt" count="22"/>
        <line num="69" type="stmt" count="22"/>
        <line num="70" type="stmt" count="22"/>
        <line num="71" type="stmt" count="22"/>
        <line num="72" type="stmt" count="22"/>
        <line num="74" type="stmt" count="22"/>
        <line num="75" type="stmt" count="22"/>
        <line num="83" type="method" name="createClient" crap="1" count="10"/>
        <line num="85" type="stmt" count="10"/>
        <line num="87" type="stmt" count="10"/>
        <line num="88" type="stmt" count="10"/>
        <line num="90" type="stmt" count="10"/>
        <line num="99" type="method" name="credentials" crap="4" count="10"/>
        <line num="101" type="stmt" count="10"/>
        <line num="103" type="stmt" count="10"/>
        <line num="104" type="stmt" count="10"/>
        <line num="105" type="stmt" count="10"/>
        <line num="106" type="stmt" count="10"/>
        <line num="107" type="stmt" count="3"/>
        <line num="108" type="stmt" count="3"/>
        <line num="109" type="stmt" count="10"/>
        <line num="110" type="stmt" count="3"/>
        <line num="111" type="stmt" count="3"/>
        <line num="112" type="stmt" count="10"/>
        <line num="114" type="stmt" count="10"/>
        <line num="121" type="method" name="outputAuthorizations" crap="2" count="4"/>
        <line num="123" type="stmt" count="4"/>
        <line num="125" type="stmt" count="4"/>
        <line num="126" type="stmt" count="4"/>
        <line num="127" type="stmt" count="4"/>
        <line num="128" type="stmt" count="4"/>
        <line num="134" type="method" name="outputAuthorization" crap="3" count="8"/>
        <line num="136" type="stmt" count="8"/>
        <line num="138" type="stmt" count="8"/>
        <line num="139" type="stmt" count="8"/>
        <line num="140" type="stmt" count="8"/>
        <line num="141" type="stmt" count="8"/>
        <line num="142" type="stmt" count="8"/>
        <line num="143" type="stmt" count="8"/>
        <line num="144" type="stmt" count="8"/>
        <line num="145" type="stmt" count="8"/>
        <line num="146" type="stmt" count="4"/>
        <line num="147" type="stmt" count="4"/>
        <line num="148" type="stmt" count="4"/>
        <line num="149" type="stmt" count="4"/>
        <line num="150" type="stmt" count="8"/>
        <line num="151" type="stmt" count="8"/>
        <line num="152" type="stmt" count="8"/>
        <line num="153" type="stmt" count="8"/>
        <line num="154" type="stmt" count="8"/>
        <line num="155" type="stmt" count="8"/>
        <line num="157" type="stmt" count="8"/>
        <line num="158" type="stmt" count="8"/>
        <line num="163" type="stmt" count="0"/>
        <metrics loc="162" ncloc="133" classes="1" methods="8" coveredmethods="8" conditionals="0" coveredconditionals="0" statements="71" coveredstatements="71" elements="79" coveredelements="79"/>
      </file>
      <file name="/home/travis/build/IcecaveStudios/woodhouse/lib/Icecave/Woodhouse/Console/Command/GitHub/CreateAuthorizationCommand.php">
        <class name="CreateAuthorizationCommand" namespace="Icecave\Woodhouse\Console\Command\GitHub">
          <metrics methods="4" coveredmethods="4" conditionals="0" coveredconditionals="0" statements="41" coveredstatements="41" elements="45" coveredelements="45"/>
        </class>
        <line num="0" type="stmt" count="0"/>
        <line num="15" type="method" name="__construct" crap="1" count="8"/>
        <line num="17" type="stmt" count="8"/>
        <line num="19" type="stmt" count="8"/>
        <line num="20" type="stmt" count="8"/>
        <line num="22" type="method" name="configure" crap="1" count="8"/>
        <line num="24" type="stmt" count="8"/>
        <line num="26" type="stmt" count="8"/>
        <line num="28" type="stmt" count="8"/>
        <line num="29" type="stmt" count="8"/>
        <line num="31" type="stmt" count="8"/>
        <line num="32" type="stmt" count="8"/>
        <line num="33" type="stmt" count="8"/>
        <line num="34" type="stmt" count="8"/>
        <line num="35" type="stmt" count="8"/>
        <line num="36" type="stmt" count="8"/>
        <line num="37" type="stmt" count="8"/>
        <line num="38" type="stmt" count="8"/>
        <line num="39" type="stmt" count="8"/>
        <line num="40" type="stmt" count="8"/>
        <line num="41" type="stmt" count="8"/>
        <line num="43" type="stmt" count="8"/>
        <line num="44" type="stmt" count="8"/>
        <line num="45" type="stmt" count="8"/>
        <line num="46" type="stmt" count="8"/>
        <line num="47" type="stmt" count="8"/>
        <line num="49" type="stmt" count="8"/>
        <line num="50" type="stmt" count="8"/>
        <line num="56" type="method" name="execute" crap="1" count="4"/>
        <line num="58" type="stmt" count="4"/>
        <line num="60" type="stmt" count="4"/>
        <line num="61" type="stmt" count="4"/>
        <line num="63" type="stmt" count="4"/>
        <line num="64" type="stmt" count="4"/>
        <line num="65" type="stmt" count="4"/>
        <line num="66" type="stmt" count="4"/>
        <line num="67" type="stmt" count="4"/>
        <line num="74" type="method" name="authorizationDetails" crap="3" count="4"/>
        <line num="76" type="stmt" count="4"/>
        <line num="78" type="stmt" count="4"/>
        <line num="79" type="stmt" count="4"/>
        <line num="80" type="stmt" count="4"/>
        <line num="81" type="stmt" count="1"/>
        <line num="82" type="stmt" count="1"/>
        <line num="83" type="stmt" count="1"/>
        <line num="85" type="stmt" count="4"/>
        <line num="90" type="stmt" count="0"/>
        <metrics loc="89" ncloc="77" classes="1" methods="4" coveredmethods="4" conditionals="0" coveredconditionals="0" statements="41" coveredstatements="41" elements="45" coveredelements="45"/>
      </file>
      <file name="/home/travis/build/IcecaveStudios/woodhouse/lib/Icecave/Woodhouse/Console/Command/GitHub/DeleteAuthorizationCommand.php">
        <class name="DeleteAuthorizationCommand" namespace="Icecave\Woodhouse\Console\Command\GitHub">
          <metrics methods="3" coveredmethods="3" conditionals="0" coveredconditionals="0" statements="19" coveredstatements="19" elements="22" coveredelements="22"/>
        </class>
        <line num="15" type="method" name="__construct" crap="1" count="6"/>
        <line num="17" type="stmt" count="6"/>
        <line num="19" type="stmt" count="6"/>
        <line num="20" type="stmt" count="6"/>
        <line num="22" type="method" name="configure" crap="1" count="6"/>
        <line num="24" type="stmt" count="6"/>
        <line num="26" type="stmt" count="6"/>
        <line num="28" type="stmt" count="6"/>
        <line num="29" type="stmt" count="6"/>
        <line num="31" type="stmt" count="6"/>
        <line num="32" type="stmt" count="6"/>
        <line num="33" type="stmt" count="6"/>
        <line num="35" type="stmt" count="6"/>
        <line num="36" type="stmt" count="6"/>
        <line num="42" type="method" name="execute" crap="1" count="2"/>
        <line num="44" type="stmt" count="2"/>
        <line num="46" type="stmt" count="2"/>
        <line num="47" type="stmt" count="2"/>
        <line num="48" type="stmt" count="2"/>
        <line num="49" type="stmt" count="2"/>
        <line num="51" type="stmt" count="2"/>
        <line num="52" type="stmt" count="2"/>
        <line num="56" type="stmt" count="0"/>
        <metrics loc="55" ncloc="48" classes="1" methods="3" coveredmethods="3" conditionals="0" coveredconditionals="0" statements="19" coveredstatements="19" elements="22" coveredelements="22"/>
      </file>
      <file name="/home/travis/build/IcecaveStudios/woodhouse/lib/Icecave/Woodhouse/Console/Command/GitHub/ListAuthorizationsCommand.php">
        <class name="ListAuthorizationsCommand" namespace="Icecave\Woodhouse\Console\Command\GitHub">
          <metrics methods="4" coveredmethods="4" conditionals="0" coveredconditionals="0" statements="38" coveredstatements="38" elements="42" coveredelements="42"/>
        </class>
        <line num="15" type="method" name="__construct" crap="1" count="8"/>
        <line num="17" type="stmt" count="8"/>
        <line num="19" type="stmt" count="8"/>
        <line num="20" type="stmt" count="8"/>
        <line num="22" type="method" name="configure" crap="1" count="8"/>
        <line num="24" type="stmt" count="8"/>
        <line num="26" type="stmt" count="8"/>
        <line num="28" type="stmt" count="8"/>
        <line num="29" type="stmt" count="8"/>
        <line num="31" type="stmt" count="8"/>
        <line num="32" type="stmt" count="8"/>
        <line num="33" type="stmt" count="8"/>
        <line num="34" type="stmt" count="8"/>
        <line num="36" type="stmt" count="8"/>
        <line num="37" type="stmt" count="8"/>
        <line num="38" type="stmt" count="8"/>
        <line num="39" type="stmt" count="8"/>
        <line num="40" type="stmt" count="8"/>
        <line num="42" type="stmt" count="8"/>
        <line num="43" type="stmt" count="8"/>
        <line num="49" type="method" name="execute" crap="1" count="4"/>
        <line num="51" type="stmt" count="4"/>
        <line num="53" type="stmt" count="4"/>
        <line num="54" type="stmt" count="4"/>
        <line num="56" type="stmt" count="4"/>
        <line num="57" type="stmt" count="4"/>
        <line num="58" type="stmt" count="4"/>
        <line num="59" type="stmt" count="4"/>
        <line num="61" type="stmt" count="4"/>
        <line num="62" type="stmt" count="4"/>
        <line num="63" type="stmt" count="4"/>
        <line num="70" type="method" name="patterns" crap="3" count="4"/>
        <line num="72" type="stmt" count="4"/>
        <line num="74" type="stmt" count="4"/>
        <line num="75" type="stmt" count="4"/>
        <line num="77" type="stmt" count="4"/>
        <line num="78" type="stmt" count="1"/>
        <line num="79" type="stmt" count="1"/>
        <line num="80" type="stmt" count="1"/>
        <line num="81" type="stmt" count="1"/>
        <line num="82" type="stmt" count="1"/>
        <line num="84" type="stmt" count="4"/>
        <line num="89" type="stmt" count="0"/>
        <metrics loc="88" ncloc="76" classes="1" methods="4" coveredmethods="4" conditionals="0" coveredconditionals="0" statements="38" coveredstatements="38" elements="42" coveredelements="42"/>
      </file>
    </package>
    <package name="Icecave\Woodhouse\Console\Command">
      <file name="/home/travis/build/IcecaveStudios/woodhouse/lib/Icecave/Woodhouse/Console/Command/PublishCommand.php">
        <class name="PublishCommand" namespace="Icecave\Woodhouse\Console\Command">
          <metrics methods="6" coveredmethods="6" conditionals="0" coveredconditionals="0" statements="228" coveredstatements="228" elements="234" coveredelements="234"/>
        </class>
        <line num="0" type="stmt" count="0"/>
        <line num="29" type="method" name="__construct" crap="6" count="27"/>
        <line num="37" type="stmt" count="27"/>
        <line num="39" type="stmt" count="27"/>
        <line num="41" type="stmt" count="27"/>
        <line num="42" type="stmt" count="27"/>
        <line num="43" type="stmt" count="27"/>
        <line num="45" type="stmt" count="27"/>
        <line num="46" type="stmt" count="27"/>
        <line num="47" type="stmt" count="27"/>
        <line num="49" type="stmt" count="27"/>
        <line num="50" type="stmt" count="27"/>
        <line num="51" type="stmt" count="27"/>
        <line num="53" type="stmt" count="27"/>
        <line num="54" type="stmt" count="27"/>
        <line num="55" type="stmt" count="27"/>
        <line num="57" type="stmt" count="27"/>
        <line num="58" type="stmt" count="27"/>
        <line num="59" type="stmt" count="27"/>
        <line num="61" type="stmt" count="27"/>
        <line num="62" type="stmt" count="27"/>
        <line num="63" type="stmt" count="27"/>
        <line num="64" type="stmt" count="27"/>
        <line num="65" type="stmt" count="27"/>
        <line num="67" type="stmt" count="27"/>
        <line num="68" type="stmt" count="27"/>
        <line num="70" type="method" name="configure" crap="1" count="27"/>
        <line num="72" type="stmt" count="27"/>
        <line num="74" type="stmt" count="27"/>
        <line num="75" type="stmt" count="27"/>
        <line num="79" type="stmt" count="27"/>
        <line num="80" type="stmt" count="27"/>
        <line num="81" type="stmt" count="27"/>
        <line num="83" type="stmt" count="27"/>
        <line num="85" type="stmt" count="27"/>
        <line num="86" type="stmt" count="27"/>
        <line num="87" type="stmt" count="27"/>
        <line num="89" type="stmt" count="27"/>
        <line num="93" type="stmt" count="27"/>
        <line num="94" type="stmt" count="27"/>
        <line num="95" type="stmt" count="27"/>
        <line num="96" type="stmt" count="27"/>
        <line num="98" type="stmt" count="27"/>
        <line num="100" type="stmt" count="27"/>
        <line num="101" type="stmt" count="27"/>
        <line num="102" type="stmt" count="27"/>
        <line num="103" type="stmt" count="27"/>
        <line num="104" type="stmt" count="27"/>
        <line num="106" type="stmt" count="27"/>
        <line num="108" type="stmt" count="27"/>
        <line num="109" type="stmt" count="27"/>
        <line num="110" type="stmt" count="27"/>
        <line num="111" type="stmt" count="27"/>
        <line num="113" type="stmt" count="27"/>
        <line num="117" type="stmt" count="27"/>
        <line num="118" type="stmt" count="27"/>
        <line num="119" type="stmt" count="27"/>
        <line num="120" type="stmt" count="27"/>
        <line num="122" type="stmt" count="27"/>
        <line num="124" type="stmt" count="27"/>
        <line num="125" type="stmt" count="27"/>
        <line num="126" type="stmt" count="27"/>
        <line num="127" type="stmt" count="27"/>
        <line num="129" type="stmt" count="27"/>
        <line num="133" type="stmt" count="27"/>
        <line num="134" type="stmt" count="27"/>
        <line num="135" type="stmt" count="27"/>
        <line num="136" type="stmt" count="27"/>
        <line num="138" type="stmt" count="27"/>
        <line num="140" type="stmt" count="27"/>
        <line num="141" type="stmt" count="27"/>
        <line num="142" type="stmt" count="27"/>
        <line num="143" type="stmt" count="27"/>
        <line num="145" type="stmt" count="27"/>
        <line num="147" type="stmt" count="27"/>
        <line num="148" type="stmt" count="27"/>
        <line num="149" type="stmt" count="27"/>
        <line num="150" type="stmt" count="27"/>
        <line num="152" type="stmt" count="27"/>
        <line num="154" type="stmt" count="27"/>
        <line num="155" type="stmt" count="27"/>
        <line num="156" type="stmt" count="27"/>
        <line num="157" type="stmt" count="27"/>
        <line num="159" type="stmt" count="27"/>
        <line num="161" type="stmt" count="27"/>
        <line num="162" type="stmt" count="27"/>
        <line num="163" type="stmt" count="27"/>
        <line num="164" type="stmt" count="27"/>
        <line num="166" type="stmt" count="27"/>
        <line num="170" type="stmt" count="27"/>
        <line num="171" type="stmt" count="27"/>
        <line num="172" type="stmt" count="27"/>
        <line num="173" type="stmt" count="27"/>
        <line num="175" type="stmt" count="27"/>
        <line num="177" type="stmt" count="27"/>
        <line num="178" type="stmt" count="27"/>
        <line num="179" type="stmt" count="27"/>
        <line num="180" type="stmt" count="27"/>
        <line num="182" type="stmt" count="27"/>
        <line num="184" type="stmt" count="27"/>
        <line num="185" type="stmt" count="27"/>
        <line num="186" type="stmt" count="27"/>
        <line num="187" type="stmt" count="27"/>
        <line num="189" type="stmt" count="27"/>
        <line num="193" type="stmt" count="27"/>
        <line num="194" type="stmt" count="27"/>
        <line num="195" type="stmt" count="27"/>
        <line num="196" type="stmt" count="27"/>
        <line num="197" type="stmt" count="27"/>
        <line num="198" type="stmt" count="27"/>
        <line num="199" type="stmt" count="27"/>
        <line num="200" type="stmt" count="27"/>
        <line num="209" type="method" name="resolveReader" crap="4" count="24"/>
        <line num="211" type="stmt" count="24"/>
        <line num="213" type="stmt" count="24"/>
        <line num="214" type="stmt" count="24"/>
        <line num="217" type="stmt" count="24"/>
        <line num="218" type="stmt" count="24"/>
        <line num="219" type="stmt" count="24"/>
        <line num="220" type="stmt" count="9"/>
        <line num="221" type="stmt" count="9"/>
        <line num="222" type="stmt" count="9"/>
        <line num="223" type="stmt" count="9"/>
        <line num="224" type="stmt" count="2"/>
        <line num="226" type="stmt" count="9"/>
        <line num="227" type="stmt" count="24"/>
        <line num="229" type="stmt" count="23"/>
        <line num="237" type="method" name="resolveThemes" crap="3" count="22"/>
        <line num="239" type="stmt" count="22"/>
        <line num="241" type="stmt" count="22"/>
        <line num="242" type="stmt" count="22"/>
        <line num="244" type="stmt" count="22"/>
        <line num="245" type="stmt" count="22"/>
        <line num="246" type="stmt" count="22"/>
        <line num="247" type="stmt" count="1"/>
        <line num="249" type="stmt" count="21"/>
        <line num="250" type="stmt" count="21"/>
        <line num="252" type="stmt" count="21"/>
        <line num="261" type="method" name="enqueueImages" crap="3" count="6"/>
        <line num="263" type="stmt" count="6"/>
        <line num="266" type="stmt" count="6"/>
        <line num="267" type="stmt" count="4"/>
        <line num="268" type="stmt" count="4"/>
        <line num="270" type="stmt" count="4"/>
        <line num="275" type="stmt" count="2"/>
        <line num="276" type="stmt" count="2"/>
        <line num="278" type="stmt" count="2"/>
        <line num="279" type="stmt" count="2"/>
        <line num="280" type="stmt" count="2"/>
        <line num="281" type="stmt" count="2"/>
        <line num="282" type="stmt" count="2"/>
        <line num="283" type="stmt" count="2"/>
        <line num="289" type="method" name="execute" crap="21" count="24"/>
        <line num="291" type="stmt" count="24"/>
        <line num="293" type="stmt" count="24"/>
        <line num="294" type="stmt" count="23"/>
        <line num="295" type="stmt" count="22"/>
        <line num="298" type="stmt" count="21"/>
        <line num="299" type="stmt" count="4"/>
        <line num="300" type="stmt" count="2"/>
        <line num="301" type="stmt" count="4"/>
        <line num="302" type="stmt" count="1"/>
        <line num="303" type="stmt" count="1"/>
        <line num="304" type="stmt" count="1"/>
        <line num="306" type="stmt" count="3"/>
        <line num="307" type="stmt" count="3"/>
        <line num="308" type="stmt" count="20"/>
        <line num="309" type="stmt" count="1"/>
        <line num="313" type="stmt" count="19"/>
        <line num="314" type="stmt" count="4"/>
        <line num="315" type="stmt" count="2"/>
        <line num="316" type="stmt" count="2"/>
        <line num="317" type="stmt" count="4"/>
        <line num="318" type="stmt" count="1"/>
        <line num="319" type="stmt" count="1"/>
        <line num="320" type="stmt" count="1"/>
        <line num="323" type="stmt" count="3"/>
        <line num="324" type="stmt" count="18"/>
        <line num="325" type="stmt" count="1"/>
        <line num="329" type="stmt" count="17"/>
        <line num="330" type="stmt" count="17"/>
        <line num="331" type="stmt" count="17"/>
        <line num="332" type="stmt" count="1"/>
        <line num="335" type="stmt" count="16"/>
        <line num="336" type="stmt" count="16"/>
        <line num="338" type="stmt" count="16"/>
        <line num="339" type="stmt" count="1"/>
        <line num="342" type="stmt" count="15"/>
        <line num="343" type="stmt" count="13"/>
        <line num="344" type="stmt" count="13"/>
        <line num="346" type="stmt" count="15"/>
        <line num="347" type="stmt" count="15"/>
        <line num="349" type="stmt" count="15"/>
        <line num="350" type="stmt" count="15"/>
        <line num="353" type="stmt" count="15"/>
        <line num="354" type="stmt" count="15"/>
        <line num="355" type="stmt" count="2"/>
        <line num="356" type="stmt" count="1"/>
        <line num="357" type="stmt" count="1"/>
        <line num="358" type="stmt" count="1"/>
        <line num="360" type="stmt" count="1"/>
        <line num="362" type="stmt" count="14"/>
        <line num="363" type="stmt" count="1"/>
        <line num="364" type="stmt" count="1"/>
        <line num="366" type="stmt" count="14"/>
        <line num="367" type="stmt" count="14"/>
        <line num="368" type="stmt" count="14"/>
        <line num="370" type="stmt" count="14"/>
        <line num="371" type="stmt" count="1"/>
        <line num="372" type="stmt" count="1"/>
        <line num="373" type="stmt" count="1"/>
        <line num="374" type="stmt" count="1"/>
        <line num="375" type="stmt" count="1"/>
        <line num="376" type="stmt" count="1"/>
        <line num="377" type="stmt" count="1"/>
        <line num="379" type="stmt" count="1"/>
        <line num="380" type="stmt" count="1"/>
        <line num="381" type="stmt" count="1"/>
        <line num="382" type="stmt" count="1"/>
        <line num="383" type="stmt" count="1"/>
        <line num="385" type="stmt" count="1"/>
        <line num="386" type="stmt" count="1"/>
        <line num="387" type="stmt" count="1"/>
        <line num="388" type="stmt" count="1"/>
        <line num="390" type="stmt" count="14"/>
        <line num="391" type="stmt" count="2"/>
        <line num="392" type="stmt" count="1"/>
        <line num="393" type="stmt" count="1"/>
        <line num="394" type="stmt" count="1"/>
        <line num="396" type="stmt" count="2"/>
        <line num="397" type="stmt" count="12"/>
        <line num="398" type="stmt" count="11"/>
        <line num="399" type="stmt" count="11"/>
        <line num="400" type="stmt" count="1"/>
        <line num="403" type="stmt" count="14"/>
        <line num="413" type="stmt" count="0"/>
        <metrics loc="412" ncloc="354" classes="1" methods="6" coveredmethods="6" conditionals="0" coveredconditionals="0" statements="228" coveredstatements="228" elements="234" coveredelements="234"/>
      </file>
    </package>
    <package name="Icecave\Woodhouse\Console\Helper">
      <file name="/home/travis/build/IcecaveStudios/woodhouse/lib/Icecave/Woodhouse/Console/Helper/HiddenInputHelper.php">
        <class name="HiddenInputHelper" namespace="Icecave\Woodhouse\Console\Helper">
          <metrics methods="8" coveredmethods="8" conditionals="0" coveredconditionals="0" statements="54" coveredstatements="54" elements="62" coveredelements="62"/>
        </class>
        <line num="17" type="method" name="__construct" crap="2" count="7"/>
        <line num="19" type="stmt" count="7"/>
        <line num="21" type="stmt" count="7"/>
        <line num="22" type="stmt" count="1"/>
        <line num="23" type="stmt" count="1"/>
        <line num="25" type="stmt" count="7"/>
        <line num="26" type="stmt" count="7"/>
        <line num="27" type="stmt" count="7"/>
        <line num="32" type="method" name="getName" crap="1" count="1"/>
        <line num="34" type="stmt" count="1"/>
        <line num="36" type="stmt" count="1"/>
        <line num="42" type="method" name="hiddenInputPath" crap="1" count="4"/>
        <line num="44" type="stmt" count="4"/>
        <line num="46" type="stmt" count="4"/>
        <line num="55" type="method" name="askHiddenResponse" crap="2" count="5"/>
        <line num="57" type="stmt" count="5"/>
        <line num="59" type="stmt" count="5"/>
        <line num="60" type="stmt" count="2"/>
        <line num="63" type="stmt" count="3"/>
        <line num="72" type="method" name="askHiddenResponseWindows" crap="1" count="2"/>
        <line num="74" type="stmt" count="2"/>
        <line num="76" type="stmt" count="2"/>
        <line num="77" type="stmt" count="2"/>
        <line num="78" type="stmt" count="2"/>
        <line num="80" type="stmt" count="1"/>
        <line num="81" type="stmt" count="1"/>
        <line num="83" type="stmt" count="1"/>
        <line num="92" type="method" name="askHiddenResponseStty" crap="3" count="3"/>
        <line num="94" type="stmt" count="3"/>
        <line num="96" type="stmt" count="3"/>
        <line num="98" type="stmt" count="3"/>
        <line num="99" type="stmt" count="2"/>
        <line num="101" type="stmt" count="2"/>
        <line num="104" type="stmt" count="2"/>
        <line num="105" type="stmt" count="2"/>
        <line num="107" type="stmt" count="1"/>
        <line num="108" type="stmt" count="2"/>
        <line num="112" type="stmt" count="2"/>
        <line num="113" type="stmt" count="2"/>
        <line num="114" type="stmt" count="1"/>
        <line num="116" type="stmt" count="1"/>
        <line num="118" type="stmt" count="1"/>
        <line num="124" type="method" name="hiddenInputRealPath" crap="2" count="2"/>
        <line num="126" type="stmt" count="2"/>
        <line num="128" type="stmt" count="2"/>
        <line num="129" type="stmt" count="2"/>
        <line num="130" type="stmt" count="2"/>
        <line num="131" type="stmt" count="2"/>
        <line num="132" type="stmt" count="2"/>
        <line num="133" type="stmt" count="2"/>
        <line num="134" type="stmt" count="2"/>
        <line num="135" type="stmt" count="2"/>
        <line num="136" type="stmt" count="2"/>
        <line num="137" type="stmt" count="2"/>
        <line num="138" type="stmt" count="2"/>
        <line num="140" type="stmt" count="2"/>
        <line num="148" type="method" name="execute" crap="2" count="5"/>
        <line num="150" type="stmt" count="5"/>
        <line num="152" type="stmt" count="5"/>
        <line num="153" type="stmt" count="5"/>
        <line num="154" type="stmt" count="2"/>
        <line num="157" type="stmt" count="3"/>
        <line num="166" type="stmt" count="0"/>
        <metrics loc="165" ncloc="127" classes="1" methods="8" coveredmethods="8" conditionals="0" coveredconditionals="0" statements="54" coveredstatements="54" elements="62" coveredelements="62"/>
      </file>
    </package>
    <package name="Icecave\Woodhouse\Coverage">
      <file name="/home/travis/build/IcecaveStudios/woodhouse/lib/Icecave/Woodhouse/Coverage/CoverageImageSelector.php">
        <class name="CoverageImageSelector" namespace="Icecave\Woodhouse\Coverage">
          <metrics methods="5" coveredmethods="5" conditionals="0" coveredconditionals="0" statements="12" coveredstatements="12" elements="17" coveredelements="17"/>
        </class>
        <line num="11" type="method" name="__construct" crap="1" count="204"/>
        <line num="13" type="stmt" count="204"/>
        <line num="15" type="stmt" count="204"/>
        <line num="16" type="stmt" count="204"/>
        <line num="23" type="method" name="roundPercentage" crap="1" count="202"/>
        <line num="25" type="stmt" count="202"/>
        <line num="27" type="stmt" count="202"/>
        <line num="35" type="method" name="imageFilename" crap="1" count="1"/>
        <line num="37" type="stmt" count="1"/>
        <line num="39" type="stmt" count="1"/>
        <line num="41" type="stmt" count="1"/>
        <line num="47" type="method" name="errorImageFilename" crap="1" count="1"/>
        <line num="49" type="stmt" count="1"/>
        <line num="51" type="stmt" count="1"/>
        <line num="57" type="method" name="unknownImageFilename" crap="1" count="1"/>
        <line num="59" type="stmt" count="1"/>
        <line num="61" type="stmt" count="1"/>
        <line num="67" type="stmt" count="0"/>
        <metrics loc="66" ncloc="47" classes="1" methods="5" coveredmethods="5" conditionals="0" coveredconditionals="0" statements="12" coveredstatements="12" elements="17" coveredelements="17"/>
      </file>
      <file name="/home/travis/build/IcecaveStudios/woodhouse/lib/Icecave/Woodhouse/Coverage/CoverageReaderFactory.php">
        <class name="CoverageReaderFactory" namespace="Icecave\Woodhouse\Coverage">
          <metrics methods="3" coveredmethods="3" conditionals="0" coveredconditionals="0" statements="13" coveredstatements="13" elements="16" coveredelements="16"/>
        </class>
        <line num="15" type="method" name="__construct" crap="1" count="4"/>
        <line num="17" type="stmt" count="4"/>
        <line num="19" type="stmt" count="4"/>
        <line num="20" type="stmt" count="4"/>
        <line num="25" type="method" name="supportedTypes" crap="1" count="1"/>
        <line num="27" type="stmt" count="1"/>
        <line num="30" type="stmt" count="1"/>
        <line num="31" type="stmt" count="1"/>
        <line num="32" type="stmt" count="1"/>
        <line num="41" type="method" name="create" crap="3" count="3"/>
        <line num="43" type="stmt" count="3"/>
        <line num="46" type="stmt" count="3"/>
        <line num="47" type="stmt" count="1"/>
        <line num="48" type="stmt" count="2"/>
        <line num="49" type="stmt" count="1"/>
        <line num="52" type="stmt" count="1"/>
        <line num="58" type="stmt" count="0"/>
        <metrics loc="57" ncloc="45" classes="1" methods="3" coveredmethods="3" conditionals="0" coveredconditionals="0" statements="13" coveredstatements="13" elements="16" coveredelements="16"/>
      </file>
    </package>
    <file name="/home/travis/build/IcecaveStudios/woodhouse/lib/Icecave/Woodhouse/Coverage/CoverageReaderInterface.php">
      <line num="11" type="stmt" count="0"/>
      <metrics loc="10" ncloc="7" classes="0" methods="0" coveredmethods="0" conditionals="0" coveredconditionals="0" statements="0" coveredstatements="0" elements="0" coveredelements="0"/>
    </file>
    <package name="Icecave\Woodhouse\Coverage\Readers">
      <file name="/home/travis/build/IcecaveStudios/woodhouse/lib/Icecave/Woodhouse/Coverage/Readers/CommandLineReader.php">
        <class name="CommandLineReader" namespace="Icecave\Woodhouse\Coverage\Readers">
          <metrics methods="2" coveredmethods="2" conditionals="0" coveredconditionals="0" statements="5" coveredstatements="5" elements="7" coveredelements="7"/>
        </class>
        <line num="12" type="method" name="__construct" crap="1" count="1"/>
        <line num="14" type="stmt" count="1"/>
        <line num="16" type="stmt" count="1"/>
        <line num="17" type="stmt" count="1"/>
        <line num="22" type="method" name="readPercentage" crap="1" count="1"/>
        <line num="24" type="stmt" count="1"/>
        <line num="26" type="stmt" count="1"/>
        <line num="32" type="stmt" count="0"/>
        <metrics loc="31" ncloc="25" classes="1" methods="2" coveredmethods="2" conditionals="0" coveredconditionals="0" statements="5" coveredstatements="5" elements="7" coveredelements="7"/>
      </file>
      <file name="/home/travis/build/IcecaveStudios/woodhouse/lib/Icecave/Woodhouse/Coverage/Readers/PhpUnitTextReader.php">
        <class name="PhpUnitTextReader" namespace="Icecave\Woodhouse\Coverage\Readers">
          <metrics methods="2" coveredmethods="2" conditionals="0" coveredconditionals="0" statements="10" coveredstatements="10" elements="12" coveredelements="12"/>
        </class>
        <line num="17" type="method" name="__construct" crap="1" count="2"/>
        <line num="19" type="stmt" count="2"/>
        <line num="21" type="stmt" count="2"/>
        <line num="22" type="stmt" count="2"/>
        <line num="23" type="stmt" count="2"/>
        <line num="28" type="method" name="readPercentage" crap="2" count="2"/>
        <line num="30" type="stmt" count="2"/>
        <line num="32" type="stmt" count="2"/>
        <line num="34" type="stmt" count="2"/>
        <line num="35" type="stmt" count="2"/>
        <line num="36" type="stmt" count="1"/>
        <line num="39" type="stmt" count="1"/>
        <line num="46" type="stmt" count="0"/>
        <metrics loc="45" ncloc="38" classes="1" methods="2" coveredmethods="2" conditionals="0" coveredconditionals="0" statements="10" coveredstatements="10" elements="12" coveredelements="12"/>
      </file>
    </package>
    <package name="Icecave\Woodhouse\Git">
      <file name="/home/travis/build/IcecaveStudios/woodhouse/lib/Icecave/Woodhouse/Git/Git.php">
        <class name="Git" namespace="Icecave\Woodhouse\Git">
          <metrics methods="15" coveredmethods="15" conditionals="0" coveredconditionals="0" statements="88" coveredstatements="88" elements="103" coveredelements="103"/>
        </class>
        <line num="14" type="method" name="__construct" crap="2" count="18"/>
        <line num="17" type="stmt" count="18"/>
        <line num="19" type="stmt" count="18"/>
        <line num="20" type="stmt" count="1"/>
        <line num="21" type="stmt" count="1"/>
        <line num="23" type="stmt" count="18"/>
        <line num="24" type="method" name="anonymous function" crap="1" count="18"/>
        <line num="25" type="stmt" count="18"/>
        <line num="30" type="method" name="setOutputFilter" crap="1" count="1"/>
        <line num="32" type="stmt" count="1"/>
        <line num="34" type="stmt" count="1"/>
        <line num="35" type="stmt" count="1"/>
        <line num="45" type="method" name="cloneRepo" crap="3" count="2"/>
        <line num="47" type="stmt" count="2"/>
        <line num="49" type="stmt" count="2"/>
        <line num="51" type="stmt" count="2"/>
        <line num="52" type="stmt" count="1"/>
        <line num="53" type="stmt" count="1"/>
        <line num="54" type="stmt" count="1"/>
        <line num="56" type="stmt" count="2"/>
        <line num="57" type="stmt" count="1"/>
        <line num="58" type="stmt" count="1"/>
        <line num="59" type="stmt" count="1"/>
        <line num="61" type="stmt" count="2"/>
        <line num="63" type="stmt" count="2"/>
        <line num="65" type="stmt" count="2"/>
        <line num="67" type="stmt" count="2"/>
        <line num="76" type="method" name="checkout" crap="2" count="2"/>
        <line num="78" type="stmt" count="2"/>
        <line num="80" type="stmt" count="2"/>
        <line num="81" type="stmt" count="2"/>
        <line num="82" type="stmt" count="1"/>
        <line num="83" type="stmt" count="1"/>
        <line num="84" type="stmt" count="2"/>
        <line num="86" type="stmt" count="2"/>
        <line num="95" type="method" name="add" crap="1" count="1"/>
        <line num="97" type="stmt" count="1"/>
        <line num="99" type="stmt" count="1"/>
        <line num="101" type="stmt" count="1"/>
        <line num="110" type="method" name="remove" crap="2" count="1"/>
        <line num="112" type="stmt" count="1"/>
        <line num="114" type="stmt" count="1"/>
        <line num="115" type="stmt" count="1"/>
        <line num="116" type="stmt" count="1"/>
        <line num="117" type="stmt" count="1"/>
        <line num="118" type="stmt" count="1"/>
        <line num="119" type="stmt" count="1"/>
        <line num="121" type="stmt" count="1"/>
        <line num="129" type="method" name="diff" crap="2" count="2"/>
        <line num="131" type="stmt" count="2"/>
        <line num="133" type="stmt" count="2"/>
        <line num="134" type="stmt" count="2"/>
        <line num="135" type="stmt" count="1"/>
        <line num="136" type="stmt" count="1"/>
        <line num="138" type="stmt" count="2"/>
        <line num="146" type="method" name="commit" crap="1" count="1"/>
        <line num="148" type="stmt" count="1"/>
        <line num="150" type="stmt" count="1"/>
        <line num="152" type="stmt" count="1"/>
        <line num="161" type="method" name="push" crap="2" count="2"/>
        <line num="163" type="stmt" count="2"/>
        <line num="165" type="stmt" count="2"/>
        <line num="166" type="stmt" count="2"/>
        <line num="167" type="stmt" count="1"/>
        <line num="168" type="stmt" count="1"/>
        <line num="170" type="stmt" count="2"/>
        <line num="176" type="method" name="pull" crap="1" count="1"/>
        <line num="178" type="stmt" count="1"/>
        <line num="180" type="stmt" count="1"/>
        <line num="182" type="stmt" count="1"/>
        <line num="191" type="method" name="setConfig" crap="1" count="1"/>
        <line num="193" type="stmt" count="1"/>
        <line num="195" type="stmt" count="1"/>
        <line num="197" type="stmt" count="1"/>
        <line num="203" type="method" name="executable" crap="1" count="2"/>
        <line num="205" type="stmt" count="2"/>
        <line num="207" type="stmt" count="2"/>
        <line num="215" type="method" name="execute" crap="4" count="15"/>
        <line num="217" type="stmt" count="15"/>
        <line num="219" type="stmt" count="15"/>
        <line num="221" type="stmt" count="15"/>
        <line num="222" type="stmt" count="15"/>
        <line num="223" type="stmt" count="15"/>
        <line num="224" type="stmt" count="15"/>
        <line num="226" type="stmt" count="15"/>
        <line num="228" type="stmt" count="15"/>
        <line num="229" type="stmt" count="1"/>
        <line num="230" type="stmt" count="1"/>
        <line num="232" type="stmt" count="15"/>
        <line num="234" type="stmt" count="15"/>
        <line num="235" type="stmt" count="1"/>
        <line num="236" type="stmt" count="1"/>
        <line num="237" type="stmt" count="1"/>
        <line num="238" type="stmt" count="1"/>
        <line num="239" type="stmt" count="1"/>
        <line num="240" type="stmt" count="1"/>
        <line num="241" type="stmt" count="1"/>
        <line num="244" type="stmt" count="14"/>
        <line num="250" type="method" name="createProcess" crap="1" count="1"/>
        <line num="252" type="stmt" count="1"/>
        <line num="254" type="stmt" count="1"/>
        <line num="262" type="stmt" count="0"/>
        <metrics loc="261" ncloc="193" classes="1" methods="15" coveredmethods="15" conditionals="0" coveredconditionals="0" statements="87" coveredstatements="87" elements="102" coveredelements="102"/>
      </file>
    </package>
    <package name="Icecave\Woodhouse\GitHub">
      <file name="/home/travis/build/IcecaveStudios/woodhouse/lib/Icecave/Woodhouse/GitHub/GitHubClient.php">
        <class name="GitHubClient" namespace="Icecave\Woodhouse\GitHub">
          <metrics methods="11" coveredmethods="11" conditionals="0" coveredconditionals="0" statements="91" coveredstatements="91" elements="102" coveredelements="102"/>
        </class>
        <line num="15" type="method" name="__construct" crap="3" count="14"/>
        <line num="19" type="stmt" count="14"/>
        <line num="21" type="stmt" count="14"/>
        <line num="22" type="stmt" count="1"/>
        <line num="23" type="stmt" count="1"/>
        <line num="24" type="stmt" count="14"/>
        <line num="25" type="stmt" count="1"/>
        <line num="26" type="stmt" count="1"/>
        <line num="28" type="stmt" count="14"/>
        <line num="29" type="stmt" count="14"/>
        <line num="30" type="stmt" count="14"/>
        <line num="35" type="method" name="url" crap="1" count="10"/>
        <line num="37" type="stmt" count="10"/>
        <line num="39" type="stmt" count="10"/>
        <line num="45" type="method" name="browser" crap="1" count="11"/>
        <line num="47" type="stmt" count="11"/>
        <line num="49" type="stmt" count="11"/>
        <line num="55" type="method" name="authorizations" crap="1" count="3"/>
        <line num="57" type="stmt" count="3"/>
        <line num="59" type="stmt" count="3"/>
        <line num="68" type="method" name="authorizationsMatching" crap="8" count="3"/>
        <line num="70" type="stmt" count="3"/>
        <line num="72" type="stmt" count="3"/>
        <line num="73" type="stmt" count="1"/>
        <line num="74" type="stmt" count="1"/>
        <line num="75" type="stmt" count="3"/>
        <line num="76" type="stmt" count="1"/>
        <line num="77" type="stmt" count="1"/>
        <line num="79" type="stmt" count="3"/>
        <line num="80" type="stmt" count="3"/>
        <line num="81" type="stmt" count="3"/>
        <line num="82" type="stmt" count="3"/>
        <line num="83" type="stmt" count="3"/>
        <line num="84" type="stmt" count="3"/>
        <line num="86" type="stmt" count="3"/>
        <line num="87" type="stmt" count="3"/>
        <line num="88" type="stmt" count="3"/>
        <line num="89" type="stmt" count="3"/>
        <line num="92" type="stmt" count="3"/>
        <line num="93" type="stmt" count="3"/>
        <line num="94" type="stmt" count="3"/>
        <line num="95" type="stmt" count="3"/>
        <line num="97" type="stmt" count="3"/>
        <line num="107" type="method" name="createAuthorization" crap="4" count="4"/>
        <line num="112" type="stmt" count="4"/>
        <line num="114" type="stmt" count="4"/>
        <line num="115" type="stmt" count="4"/>
        <line num="116" type="stmt" count="1"/>
        <line num="117" type="stmt" count="1"/>
        <line num="118" type="stmt" count="4"/>
        <line num="119" type="stmt" count="1"/>
        <line num="120" type="stmt" count="1"/>
        <line num="121" type="stmt" count="4"/>
        <line num="122" type="stmt" count="1"/>
        <line num="123" type="stmt" count="1"/>
        <line num="125" type="stmt" count="4"/>
        <line num="131" type="method" name="deleteAuthorization" crap="1" count="2"/>
        <line num="133" type="stmt" count="2"/>
        <line num="135" type="stmt" count="2"/>
        <line num="136" type="stmt" count="2"/>
        <line num="137" type="stmt" count="2"/>
        <line num="138" type="stmt" count="2"/>
        <line num="139" type="stmt" count="1"/>
        <line num="146" type="method" name="get" crap="2" count="3"/>
        <line num="148" type="stmt" count="3"/>
        <line num="150" type="stmt" count="3"/>
        <line num="151" type="stmt" count="3"/>
        <line num="152" type="stmt" count="3"/>
        <line num="153" type="stmt" count="1"/>
        <line num="154" type="stmt" count="1"/>
        <line num="155" type="stmt" count="1"/>
        <line num="156" type="stmt" count="1"/>
        <line num="157" type="stmt" count="1"/>
        <line num="160" type="stmt" count="2"/>
        <line num="169" type="method" name="post" crap="2" count="4"/>
        <line num="171" type="stmt" count="4"/>
        <line num="173" type="stmt" count="4"/>
        <line num="174" type="stmt" count="4"/>
        <line num="175" type="stmt" count="4"/>
        <line num="176" type="stmt" count="1"/>
        <line num="177" type="stmt" count="1"/>
        <line num="178" type="stmt" count="1"/>
        <line num="179" type="stmt" count="1"/>
        <line num="180" type="stmt" count="1"/>
        <line num="183" type="stmt" count="3"/>
        <line num="189" type="method" name="delete" crap="2" count="2"/>
        <line num="191" type="stmt" count="2"/>
        <line num="193" type="stmt" count="2"/>
        <line num="194" type="stmt" count="2"/>
        <line num="195" type="stmt" count="2"/>
        <line num="196" type="stmt" count="1"/>
        <line num="197" type="stmt" count="1"/>
        <line num="198" type="stmt" count="1"/>
        <line num="199" type="stmt" count="1"/>
        <line num="200" type="stmt" count="1"/>
        <line num="202" type="stmt" count="1"/>
        <line num="209" type="method" name="parseJson" crap="2" count="5"/>
        <line num="211" type="stmt" count="5"/>
        <line num="213" type="stmt" count="5"/>
        <line num="214" type="stmt" count="5"/>
        <line num="215" type="stmt" count="2"/>
        <line num="218" type="stmt" count="3"/>
        <line num="225" type="stmt" count="0"/>
        <metrics loc="224" ncloc="176" classes="1" methods="11" coveredmethods="11" conditionals="0" coveredconditionals="0" statements="91" coveredstatements="91" elements="102" coveredelements="102"/>
      </file>
      <file name="/home/travis/build/IcecaveStudios/woodhouse/lib/Icecave/Woodhouse/GitHub/GitHubClientFactory.php">
        <class name="GitHubClientFactory" namespace="Icecave\Woodhouse\GitHub">
          <metrics methods="6" coveredmethods="6" conditionals="0" coveredconditionals="0" statements="41" coveredstatements="41" elements="47" coveredelements="47"/>
        </class>
        <line num="16" type="method" name="__construct" crap="2" count="6"/>
        <line num="20" type="stmt" count="6"/>
        <line num="22" type="stmt" count="6"/>
        <line num="23" type="stmt" count="1"/>
        <line num="24" type="stmt" count="1"/>
        <line num="26" type="stmt" count="6"/>
        <line num="27" type="stmt" count="6"/>
        <line num="28" type="stmt" count="6"/>
        <line num="29" type="stmt" count="6"/>
        <line num="34" type="method" name="userAgent" crap="1" count="4"/>
        <line num="36" type="stmt" count="4"/>
        <line num="38" type="stmt" count="4"/>
        <line num="44" type="method" name="setUserAgent" crap="1" count="2"/>
        <line num="46" type="stmt" count="2"/>
        <line num="48" type="stmt" count="2"/>
        <line num="49" type="stmt" count="2"/>
        <line num="54" type="method" name="caCertificatePath" crap="1" count="5"/>
        <line num="56" type="stmt" count="5"/>
        <line num="58" type="stmt" count="5"/>
        <line num="67" type="method" name="create" crap="3" count="3"/>
        <line num="69" type="stmt" count="3"/>
        <line num="71" type="stmt" count="3"/>
        <line num="72" type="stmt" count="3"/>
        <line num="74" type="stmt" count="3"/>
        <line num="75" type="stmt" count="1"/>
        <line num="76" type="stmt" count="1"/>
        <line num="78" type="stmt" count="3"/>
        <line num="80" type="stmt" count="3"/>
        <line num="81" type="stmt" count="1"/>
        <line num="82" type="stmt" count="1"/>
        <line num="83" type="stmt" count="1"/>
        <line num="84" type="stmt" count="1"/>
        <line num="86" type="stmt" count="3"/>
        <line num="92" type="method" name="caCertificateRealPath" crap="2" count="3"/>
        <line num="94" type="stmt" count="3"/>
        <line num="96" type="stmt" count="3"/>
        <line num="97" type="stmt" count="3"/>
        <line num="98" type="stmt" count="3"/>
        <line num="99" type="stmt" count="3"/>
        <line num="100" type="stmt" count="3"/>
        <line num="101" type="stmt" count="3"/>
        <line num="102" type="stmt" count="3"/>
        <line num="103" type="stmt" count="3"/>
        <line num="104" type="stmt" count="3"/>
        <line num="105" type="stmt" count="3"/>
        <line num="106" type="stmt" count="3"/>
        <line num="108" type="stmt" count="3"/>
        <line num="116" type="stmt" count="0"/>
        <metrics loc="115" ncloc="93" classes="1" methods="6" coveredmethods="6" conditionals="0" coveredconditionals="0" statements="41" coveredstatements="41" elements="47" coveredelements="47"/>
      </file>
    </package>
    <package name="Icecave\Woodhouse\Publisher">
      <file name="/home/travis/build/IcecaveStudios/woodhouse/lib/Icecave/Woodhouse/Publisher/AbstractPublisher.php">
        <class name="AbstractPublisher" namespace="Icecave\Woodhouse\Publisher">
          <metrics methods="5" coveredmethods="5" conditionals="0" coveredconditionals="0" statements="14" coveredstatements="14" elements="19" coveredelements="19"/>
        </class>
        <line num="8" type="method" name="__construct" crap="1" count="5"/>
        <line num="10" type="stmt" count="5"/>
        <line num="12" type="stmt" count="5"/>
        <line num="13" type="stmt" count="5"/>
        <line num="21" type="method" name="add" crap="1" count="4"/>
        <line num="23" type="stmt" count="4"/>
        <line num="25" type="stmt" count="4"/>
        <line num="26" type="stmt" count="4"/>
        <line num="33" type="method" name="remove" crap="1" count="1"/>
        <line num="35" type="stmt" count="1"/>
        <line num="37" type="stmt" count="1"/>
        <line num="38" type="stmt" count="1"/>
        <line num="43" type="method" name="clear" crap="1" count="1"/>
        <line num="45" type="stmt" count="1"/>
        <line num="47" type="stmt" count="1"/>
        <line num="48" type="stmt" count="1"/>
        <line num="53" type="method" name="contentPaths" crap="1" count="5"/>
        <line num="55" type="stmt" count="5"/>
        <line num="57" type="stmt" count="5"/>
        <line num="63" type="stmt" count="0"/>
        <metrics loc="62" ncloc="45" classes="1" methods="5" coveredmethods="5" conditionals="0" coveredconditionals="0" statements="14" coveredstatements="14" elements="19" coveredelements="19"/>
      </file>
      <file name="/home/travis/build/IcecaveStudios/woodhouse/lib/Icecave/Woodhouse/Publisher/GitHubPublisher.php">
        <class name="GitHubPublisher" namespace="Icecave\Woodhouse\Publisher">
          <metrics methods="19" coveredmethods="19" conditionals="0" coveredconditionals="0" statements="119" coveredstatements="119" elements="138" coveredelements="138"/>
        </class>
        <line num="0" type="stmt" count="0"/>
        <line num="22" type="method" name="__construct" crap="3" count="23"/>
        <line num="27" type="stmt" count="23"/>
        <line num="29" type="stmt" count="23"/>
        <line num="30" type="stmt" count="1"/>
        <line num="31" type="stmt" count="1"/>
        <line num="33" type="stmt" count="23"/>
        <line num="34" type="stmt" count="1"/>
        <line num="35" type="stmt" count="1"/>
        <line num="37" type="stmt" count="23"/>
        <line num="38" type="stmt" count="23"/>
        <line num="39" type="stmt" count="23"/>
        <line num="40" type="stmt" count="23"/>
        <line num="41" type="stmt" count="23"/>
        <line num="42" type="stmt" count="23"/>
        <line num="45" type="stmt" count="23"/>
        <line num="47" type="stmt" count="1"/>
        <line num="48" type="stmt" count="1"/>
        <line num="50" type="stmt" count="1"/>
        <line num="51" type="stmt" count="23"/>
        <line num="53" type="stmt" count="23"/>
        <line num="55" type="stmt" count="23"/>
        <line num="56" type="stmt" count="23"/>
        <line num="61" type="method" name="fileSystem" crap="1" count="1"/>
        <line num="63" type="stmt" count="1"/>
        <line num="65" type="stmt" count="1"/>
        <line num="71" type="method" name="git" crap="1" count="1"/>
        <line num="73" type="stmt" count="1"/>
        <line num="75" type="stmt" count="1"/>
        <line num="83" type="method" name="publish" crap="1" count="8"/>
        <line num="85" type="stmt" count="8"/>
        <line num="87" type="stmt" count="8"/>
        <line num="95" type="method" name="dryRun" crap="1" count="2"/>
        <line num="97" type="stmt" count="2"/>
        <line num="99" type="stmt" count="2"/>
        <line num="105" type="method" name="repository" crap="1" count="3"/>
        <line num="107" type="stmt" count="3"/>
        <line num="109" type="stmt" count="3"/>
        <line num="115" type="method" name="setRepository" crap="2" count="12"/>
        <line num="117" type="stmt" count="12"/>
        <line num="119" type="stmt" count="12"/>
        <line num="120" type="stmt" count="1"/>
        <line num="123" type="stmt" count="11"/>
        <line num="124" type="stmt" count="11"/>
        <line num="129" type="method" name="repositoryUrl" crap="3" count="10"/>
        <line num="131" type="stmt" count="10"/>
        <line num="133" type="stmt" count="10"/>
        <line num="134" type="stmt" count="1"/>
        <line num="135" type="stmt" count="10"/>
        <line num="136" type="stmt" count="2"/>
        <line num="138" type="stmt" count="9"/>
        <line num="145" type="method" name="branch" crap="1" count="11"/>
        <line num="147" type="stmt" count="11"/>
        <line num="149" type="stmt" count="11"/>
        <line num="155" type="method" name="setBranch" crap="1" count="9"/>
        <line num="157" type="stmt" count="9"/>
        <line num="159" type="stmt" count="9"/>
        <line num="160" type="stmt" count="9"/>
        <line num="165" type="method" name="commitMessage" crap="1" count="7"/>
        <line num="167" type="stmt" count="7"/>
        <line num="169" type="stmt" count="7"/>
        <line num="175" type="method" name="setCommitMessage" crap="1" count="9"/>
        <line num="177" type="stmt" count="9"/>
        <line num="179" type="stmt" count="9"/>
        <line num="180" type="stmt" count="9"/>
        <line num="185" type="method" name="authToken" crap="1" count="3"/>
        <line num="187" type="stmt" count="3"/>
        <line num="189" type="stmt" count="3"/>
        <line num="196" type="method" name="setAuthToken" crap="2" count="12"/>
        <line num="198" type="stmt" count="12"/>
        <line num="200" type="stmt" count="12"/>
        <line num="203" type="stmt" count="1"/>
        <line num="206" type="stmt" count="11"/>
        <line num="207" type="stmt" count="11"/>
        <line num="216" type="method" name="doPublish" crap="5" count="10"/>
        <line num="218" type="stmt" count="10"/>
        <line num="220" type="stmt" count="10"/>
        <line num="221" type="stmt" count="1"/>
        <line num="224" type="stmt" count="9"/>
        <line num="227" type="stmt" count="9"/>
        <line num="228" type="stmt" count="8"/>
        <line num="231" type="stmt" count="8"/>
        <line num="232" type="stmt" count="8"/>
        <line num="233" type="stmt" count="2"/>
        <line num="236" type="stmt" count="6"/>
        <line num="237" type="stmt" count="5"/>
        <line num="238" type="stmt" count="5"/>
        <line num="239" type="stmt" count="5"/>
        <line num="241" type="stmt" count="5"/>
        <line num="242" type="stmt" count="4"/>
        <line num="244" type="stmt" count="5"/>
        <line num="246" type="stmt" count="5"/>
        <line num="248" type="stmt" count="2"/>
        <line num="249" type="stmt" count="2"/>
        <line num="250" type="stmt" count="2"/>
        <line num="257" type="method" name="cloneRepo" crap="4" count="9"/>
        <line num="259" type="stmt" count="9"/>
        <line num="262" type="stmt" count="9"/>
        <line num="263" type="stmt" count="7"/>
        <line num="264" type="stmt" count="7"/>
        <line num="265" type="stmt" count="7"/>
        <line num="266" type="stmt" count="9"/>
        <line num="267" type="stmt" count="2"/>
        <line num="268" type="stmt" count="1"/>
        <line num="271" type="stmt" count="1"/>
        <line num="272" type="stmt" count="1"/>
        <line num="273" type="stmt" count="1"/>
        <line num="275" type="stmt" count="8"/>
        <line num="280" type="method" name="stageContent" crap="4" count="8"/>
        <line num="282" type="stmt" count="8"/>
        <line num="284" type="stmt" count="8"/>
        <line num="286" type="stmt" count="8"/>
        <line num="287" type="stmt" count="8"/>
        <line num="288" type="stmt" count="8"/>
        <line num="290" type="stmt" count="8"/>
        <line num="291" type="stmt" count="8"/>
        <line num="292" type="stmt" count="8"/>
        <line num="294" type="stmt" count="8"/>
        <line num="295" type="stmt" count="5"/>
        <line num="296" type="stmt" count="5"/>
        <line num="297" type="stmt" count="5"/>
        <line num="298" type="stmt" count="8"/>
        <line num="301" type="stmt" count="8"/>
        <line num="302" type="stmt" count="8"/>
        <line num="303" type="stmt" count="8"/>
        <line num="308" type="method" name="push" crap="3" count="5"/>
        <line num="310" type="stmt" count="5"/>
        <line num="313" type="stmt" count="5"/>
        <line num="315" type="stmt" count="5"/>
        <line num="317" type="stmt" count="5"/>
        <line num="318" type="stmt" count="5"/>
        <line num="319" type="stmt" count="5"/>
        <line num="321" type="stmt" count="5"/>
        <line num="324" type="stmt" count="2"/>
        <line num="337" type="stmt" count="0"/>
        <metrics loc="336" ncloc="260" classes="1" methods="19" coveredmethods="19" conditionals="0" coveredconditionals="0" statements="115" coveredstatements="115" elements="134" coveredelements="134"/>
      </file>
    </package>
    <file name="/home/travis/build/IcecaveStudios/woodhouse/lib/Icecave/Woodhouse/Publisher/PublisherInterface.php">
      <line num="36" type="stmt" count="0"/>
      <metrics loc="35" ncloc="15" classes="0" methods="0" coveredmethods="0" conditionals="0" coveredconditionals="0" statements="0" coveredstatements="0" elements="0" coveredelements="0"/>
    </file>
    <metrics files="26" loc="2575" ncloc="2065" classes="23" methods="117" coveredmethods="117" conditionals="0" coveredconditionals="0" statements="930" coveredstatements="930" elements="1047" coveredelements="1047"/>
  </project>
</coverage>
